ERROR - 2022-12-29 02:59:24 --> Error connecting to the database: Unknown database 'codeigniter'
CRITICAL - 2022-12-29 07:19:49 --> preg_match(): Passing null to parameter #2 ($subject) of type string is deprecated
#0 [internal function]: CodeIgniter\Debug\Exceptions->errorHandler()
#1 /home/geek/projects/CodeIgniter/system/Email/Email.php(466): preg_match()
#2 /home/geek/projects/CodeIgniter/vendor/myth/auth/src/Authentication/Activators/EmailActivator.php(27): CodeIgniter\Email\Email->setFrom()
#3 /home/geek/projects/CodeIgniter/vendor/myth/auth/src/Controllers/AuthController.php(185): Myth\Auth\Authentication\Activators\EmailActivator->send()
#4 /home/geek/projects/CodeIgniter/system/CodeIgniter.php(825): Myth\Auth\Controllers\AuthController->attemptRegister()
#5 /home/geek/projects/CodeIgniter/system/CodeIgniter.php(412): CodeIgniter\CodeIgniter->runController()
#6 /home/geek/projects/CodeIgniter/system/CodeIgniter.php(320): CodeIgniter\CodeIgniter->handleRequest()
#7 /home/geek/projects/CodeIgniter/public/index.php(37): CodeIgniter\CodeIgniter->run()
#8 /home/geek/projects/CodeIgniter/system/Commands/Server/rewrite.php(43): require_once('...')
#9 {main}
CRITICAL - 2022-12-29 07:21:41 --> preg_match(): Passing null to parameter #2 ($subject) of type string is deprecated
#0 [internal function]: CodeIgniter\Debug\Exceptions->errorHandler()
#1 /home/geek/projects/CodeIgniter/system/Email/Email.php(466): preg_match()
#2 /home/geek/projects/CodeIgniter/vendor/myth/auth/src/Authentication/Activators/EmailActivator.php(27): CodeIgniter\Email\Email->setFrom()
#3 /home/geek/projects/CodeIgniter/vendor/myth/auth/src/Controllers/AuthController.php(185): Myth\Auth\Authentication\Activators\EmailActivator->send()
#4 /home/geek/projects/CodeIgniter/system/CodeIgniter.php(825): Myth\Auth\Controllers\AuthController->attemptRegister()
#5 /home/geek/projects/CodeIgniter/system/CodeIgniter.php(412): CodeIgniter\CodeIgniter->runController()
#6 /home/geek/projects/CodeIgniter/system/CodeIgniter.php(320): CodeIgniter\CodeIgniter->handleRequest()
#7 /home/geek/projects/CodeIgniter/public/index.php(37): CodeIgniter\CodeIgniter->run()
#8 /home/geek/projects/CodeIgniter/system/Commands/Server/rewrite.php(43): require_once('...')
#9 {main}
CRITICAL - 2022-12-29 07:46:52 --> App\Filters\AccessFilter filter must have a matching alias defined.
#0 /home/geek/projects/CodeIgniter/system/Filters/Filters.php(493): CodeIgniter\Filters\Exceptions\FilterException::forNoAlias()
#1 /home/geek/projects/CodeIgniter/system/Filters/Filters.php(243): CodeIgniter\Filters\Filters->processAliasesToClass()
#2 /home/geek/projects/CodeIgniter/system/Filters/Filters.php(163): CodeIgniter\Filters\Filters->initialize()
#3 /home/geek/projects/CodeIgniter/system/CodeIgniter.php(386): CodeIgniter\Filters\Filters->run()
#4 /home/geek/projects/CodeIgniter/system/CodeIgniter.php(320): CodeIgniter\CodeIgniter->handleRequest()
#5 /home/geek/projects/CodeIgniter/public/index.php(37): CodeIgniter\CodeIgniter->run()
#6 /home/geek/projects/CodeIgniter/system/Commands/Server/rewrite.php(43): require_once('...')
#7 {main}
CRITICAL - 2022-12-29 07:46:53 --> App\Filters\AccessFilter filter must have a matching alias defined.
#0 /home/geek/projects/CodeIgniter/system/Filters/Filters.php(493): CodeIgniter\Filters\Exceptions\FilterException::forNoAlias()
#1 /home/geek/projects/CodeIgniter/system/Filters/Filters.php(243): CodeIgniter\Filters\Filters->processAliasesToClass()
#2 /home/geek/projects/CodeIgniter/system/Filters/Filters.php(163): CodeIgniter\Filters\Filters->initialize()
#3 /home/geek/projects/CodeIgniter/system/CodeIgniter.php(386): CodeIgniter\Filters\Filters->run()
#4 /home/geek/projects/CodeIgniter/system/CodeIgniter.php(320): CodeIgniter\CodeIgniter->handleRequest()
#5 /home/geek/projects/CodeIgniter/public/index.php(37): CodeIgniter\CodeIgniter->run()
#6 /home/geek/projects/CodeIgniter/system/Commands/Server/rewrite.php(43): require_once('...')
#7 {main}
CRITICAL - 2022-12-29 07:46:54 --> App\Filters\AccessFilter filter must have a matching alias defined.
#0 /home/geek/projects/CodeIgniter/system/Filters/Filters.php(493): CodeIgniter\Filters\Exceptions\FilterException::forNoAlias()
#1 /home/geek/projects/CodeIgniter/system/Filters/Filters.php(243): CodeIgniter\Filters\Filters->processAliasesToClass()
#2 /home/geek/projects/CodeIgniter/system/Filters/Filters.php(163): CodeIgniter\Filters\Filters->initialize()
#3 /home/geek/projects/CodeIgniter/system/CodeIgniter.php(386): CodeIgniter\Filters\Filters->run()
#4 /home/geek/projects/CodeIgniter/system/CodeIgniter.php(320): CodeIgniter\CodeIgniter->handleRequest()
#5 /home/geek/projects/CodeIgniter/public/index.php(37): CodeIgniter\CodeIgniter->run()
#6 /home/geek/projects/CodeIgniter/system/Commands/Server/rewrite.php(43): require_once('...')
#7 {main}
CRITICAL - 2022-12-29 07:46:54 --> App\Filters\AccessFilter filter must have a matching alias defined.
#0 /home/geek/projects/CodeIgniter/system/Filters/Filters.php(493): CodeIgniter\Filters\Exceptions\FilterException::forNoAlias()
#1 /home/geek/projects/CodeIgniter/system/Filters/Filters.php(243): CodeIgniter\Filters\Filters->processAliasesToClass()
#2 /home/geek/projects/CodeIgniter/system/Filters/Filters.php(163): CodeIgniter\Filters\Filters->initialize()
#3 /home/geek/projects/CodeIgniter/system/CodeIgniter.php(386): CodeIgniter\Filters\Filters->run()
#4 /home/geek/projects/CodeIgniter/system/CodeIgniter.php(320): CodeIgniter\CodeIgniter->handleRequest()
#5 /home/geek/projects/CodeIgniter/public/index.php(37): CodeIgniter\CodeIgniter->run()
#6 /home/geek/projects/CodeIgniter/system/Commands/Server/rewrite.php(43): require_once('...')
#7 {main}
CRITICAL - 2022-12-29 07:46:54 --> App\Filters\AccessFilter filter must have a matching alias defined.
#0 /home/geek/projects/CodeIgniter/system/Filters/Filters.php(493): CodeIgniter\Filters\Exceptions\FilterException::forNoAlias()
#1 /home/geek/projects/CodeIgniter/system/Filters/Filters.php(243): CodeIgniter\Filters\Filters->processAliasesToClass()
#2 /home/geek/projects/CodeIgniter/system/Filters/Filters.php(163): CodeIgniter\Filters\Filters->initialize()
#3 /home/geek/projects/CodeIgniter/system/CodeIgniter.php(386): CodeIgniter\Filters\Filters->run()
#4 /home/geek/projects/CodeIgniter/system/CodeIgniter.php(320): CodeIgniter\CodeIgniter->handleRequest()
#5 /home/geek/projects/CodeIgniter/public/index.php(37): CodeIgniter\CodeIgniter->run()
#6 /home/geek/projects/CodeIgniter/system/Commands/Server/rewrite.php(43): require_once('...')
#7 {main}
CRITICAL - 2022-12-29 07:47:00 --> App\Filters\AccessFilter filter must have a matching alias defined.
#0 /home/geek/projects/CodeIgniter/system/Filters/Filters.php(493): CodeIgniter\Filters\Exceptions\FilterException::forNoAlias()
#1 /home/geek/projects/CodeIgniter/system/Filters/Filters.php(243): CodeIgniter\Filters\Filters->processAliasesToClass()
#2 /home/geek/projects/CodeIgniter/system/Filters/Filters.php(163): CodeIgniter\Filters\Filters->initialize()
#3 /home/geek/projects/CodeIgniter/system/CodeIgniter.php(386): CodeIgniter\Filters\Filters->run()
#4 /home/geek/projects/CodeIgniter/system/CodeIgniter.php(320): CodeIgniter\CodeIgniter->handleRequest()
#5 /home/geek/projects/CodeIgniter/public/index.php(37): CodeIgniter\CodeIgniter->run()
#6 /home/geek/projects/CodeIgniter/system/Commands/Server/rewrite.php(43): require_once('...')
#7 {main}
CRITICAL - 2022-12-29 07:47:01 --> App\Filters\AccessFilter filter must have a matching alias defined.
#0 /home/geek/projects/CodeIgniter/system/Filters/Filters.php(493): CodeIgniter\Filters\Exceptions\FilterException::forNoAlias()
#1 /home/geek/projects/CodeIgniter/system/Filters/Filters.php(243): CodeIgniter\Filters\Filters->processAliasesToClass()
#2 /home/geek/projects/CodeIgniter/system/Filters/Filters.php(163): CodeIgniter\Filters\Filters->initialize()
#3 /home/geek/projects/CodeIgniter/system/CodeIgniter.php(386): CodeIgniter\Filters\Filters->run()
#4 /home/geek/projects/CodeIgniter/system/CodeIgniter.php(320): CodeIgniter\CodeIgniter->handleRequest()
#5 /home/geek/projects/CodeIgniter/public/index.php(37): CodeIgniter\CodeIgniter->run()
#6 /home/geek/projects/CodeIgniter/system/Commands/Server/rewrite.php(43): require_once('...')
#7 {main}
CRITICAL - 2022-12-29 07:47:01 --> App\Filters\AccessFilter filter must have a matching alias defined.
#0 /home/geek/projects/CodeIgniter/system/Filters/Filters.php(493): CodeIgniter\Filters\Exceptions\FilterException::forNoAlias()
#1 /home/geek/projects/CodeIgniter/system/Filters/Filters.php(243): CodeIgniter\Filters\Filters->processAliasesToClass()
#2 /home/geek/projects/CodeIgniter/system/Filters/Filters.php(163): CodeIgniter\Filters\Filters->initialize()
#3 /home/geek/projects/CodeIgniter/system/CodeIgniter.php(386): CodeIgniter\Filters\Filters->run()
#4 /home/geek/projects/CodeIgniter/system/CodeIgniter.php(320): CodeIgniter\CodeIgniter->handleRequest()
#5 /home/geek/projects/CodeIgniter/public/index.php(37): CodeIgniter\CodeIgniter->run()
#6 /home/geek/projects/CodeIgniter/system/Commands/Server/rewrite.php(43): require_once('...')
#7 {main}
CRITICAL - 2022-12-29 07:47:01 --> App\Filters\AccessFilter filter must have a matching alias defined.
#0 /home/geek/projects/CodeIgniter/system/Filters/Filters.php(493): CodeIgniter\Filters\Exceptions\FilterException::forNoAlias()
#1 /home/geek/projects/CodeIgniter/system/Filters/Filters.php(243): CodeIgniter\Filters\Filters->processAliasesToClass()
#2 /home/geek/projects/CodeIgniter/system/Filters/Filters.php(163): CodeIgniter\Filters\Filters->initialize()
#3 /home/geek/projects/CodeIgniter/system/CodeIgniter.php(386): CodeIgniter\Filters\Filters->run()
#4 /home/geek/projects/CodeIgniter/system/CodeIgniter.php(320): CodeIgniter\CodeIgniter->handleRequest()
#5 /home/geek/projects/CodeIgniter/public/index.php(37): CodeIgniter\CodeIgniter->run()
#6 /home/geek/projects/CodeIgniter/system/Commands/Server/rewrite.php(43): require_once('...')
#7 {main}
CRITICAL - 2022-12-29 07:47:01 --> App\Filters\AccessFilter filter must have a matching alias defined.
#0 /home/geek/projects/CodeIgniter/system/Filters/Filters.php(493): CodeIgniter\Filters\Exceptions\FilterException::forNoAlias()
#1 /home/geek/projects/CodeIgniter/system/Filters/Filters.php(243): CodeIgniter\Filters\Filters->processAliasesToClass()
#2 /home/geek/projects/CodeIgniter/system/Filters/Filters.php(163): CodeIgniter\Filters\Filters->initialize()
#3 /home/geek/projects/CodeIgniter/system/CodeIgniter.php(386): CodeIgniter\Filters\Filters->run()
#4 /home/geek/projects/CodeIgniter/system/CodeIgniter.php(320): CodeIgniter\CodeIgniter->handleRequest()
#5 /home/geek/projects/CodeIgniter/public/index.php(37): CodeIgniter\CodeIgniter->run()
#6 /home/geek/projects/CodeIgniter/system/Commands/Server/rewrite.php(43): require_once('...')
#7 {main}
CRITICAL - 2022-12-29 08:00:24 --> Call to a member function isLoggedIn() on null
#0 /home/geek/projects/CodeIgniter/system/Filters/Filters.php(173): App\Filters\AccessFilter->before()
#1 /home/geek/projects/CodeIgniter/system/CodeIgniter.php(386): CodeIgniter\Filters\Filters->run()
#2 /home/geek/projects/CodeIgniter/system/CodeIgniter.php(320): CodeIgniter\CodeIgniter->handleRequest()
#3 /home/geek/projects/CodeIgniter/public/index.php(37): CodeIgniter\CodeIgniter->run()
#4 /home/geek/projects/CodeIgniter/system/Commands/Server/rewrite.php(43): require_once('...')
#5 {main}
CRITICAL - 2022-12-29 08:01:40 --> Call to a member function isLoggedIn() on null
#0 /home/geek/projects/CodeIgniter/system/Filters/Filters.php(173): App\Filters\AccessFilter->before()
#1 /home/geek/projects/CodeIgniter/system/CodeIgniter.php(386): CodeIgniter\Filters\Filters->run()
#2 /home/geek/projects/CodeIgniter/system/CodeIgniter.php(320): CodeIgniter\CodeIgniter->handleRequest()
#3 /home/geek/projects/CodeIgniter/public/index.php(37): CodeIgniter\CodeIgniter->run()
#4 /home/geek/projects/CodeIgniter/system/Commands/Server/rewrite.php(43): require_once('...')
#5 {main}
CRITICAL - 2022-12-29 08:01:40 --> Call to a member function isLoggedIn() on null
#0 /home/geek/projects/CodeIgniter/system/Filters/Filters.php(173): App\Filters\AccessFilter->before()
#1 /home/geek/projects/CodeIgniter/system/CodeIgniter.php(386): CodeIgniter\Filters\Filters->run()
#2 /home/geek/projects/CodeIgniter/system/CodeIgniter.php(320): CodeIgniter\CodeIgniter->handleRequest()
#3 /home/geek/projects/CodeIgniter/public/index.php(37): CodeIgniter\CodeIgniter->run()
#4 /home/geek/projects/CodeIgniter/system/Commands/Server/rewrite.php(43): require_once('...')
#5 {main}
CRITICAL - 2022-12-29 08:01:40 --> Call to a member function isLoggedIn() on null
#0 /home/geek/projects/CodeIgniter/system/Filters/Filters.php(173): App\Filters\AccessFilter->before()
#1 /home/geek/projects/CodeIgniter/system/CodeIgniter.php(386): CodeIgniter\Filters\Filters->run()
#2 /home/geek/projects/CodeIgniter/system/CodeIgniter.php(320): CodeIgniter\CodeIgniter->handleRequest()
#3 /home/geek/projects/CodeIgniter/public/index.php(37): CodeIgniter\CodeIgniter->run()
#4 /home/geek/projects/CodeIgniter/system/Commands/Server/rewrite.php(43): require_once('...')
#5 {main}
CRITICAL - 2022-12-29 08:01:40 --> Call to a member function isLoggedIn() on null
#0 /home/geek/projects/CodeIgniter/system/Filters/Filters.php(173): App\Filters\AccessFilter->before()
#1 /home/geek/projects/CodeIgniter/system/CodeIgniter.php(386): CodeIgniter\Filters\Filters->run()
#2 /home/geek/projects/CodeIgniter/system/CodeIgniter.php(320): CodeIgniter\CodeIgniter->handleRequest()
#3 /home/geek/projects/CodeIgniter/public/index.php(37): CodeIgniter\CodeIgniter->run()
#4 /home/geek/projects/CodeIgniter/system/Commands/Server/rewrite.php(43): require_once('...')
#5 {main}
CRITICAL - 2022-12-29 08:01:40 --> Call to a member function isLoggedIn() on null
#0 /home/geek/projects/CodeIgniter/system/Filters/Filters.php(173): App\Filters\AccessFilter->before()
#1 /home/geek/projects/CodeIgniter/system/CodeIgniter.php(386): CodeIgniter\Filters\Filters->run()
#2 /home/geek/projects/CodeIgniter/system/CodeIgniter.php(320): CodeIgniter\CodeIgniter->handleRequest()
#3 /home/geek/projects/CodeIgniter/public/index.php(37): CodeIgniter\CodeIgniter->run()
#4 /home/geek/projects/CodeIgniter/system/Commands/Server/rewrite.php(43): require_once('...')
#5 {main}
CRITICAL - 2022-12-29 08:01:41 --> Call to a member function isLoggedIn() on null
#0 /home/geek/projects/CodeIgniter/system/Filters/Filters.php(173): App\Filters\AccessFilter->before()
#1 /home/geek/projects/CodeIgniter/system/CodeIgniter.php(386): CodeIgniter\Filters\Filters->run()
#2 /home/geek/projects/CodeIgniter/system/CodeIgniter.php(320): CodeIgniter\CodeIgniter->handleRequest()
#3 /home/geek/projects/CodeIgniter/public/index.php(37): CodeIgniter\CodeIgniter->run()
#4 /home/geek/projects/CodeIgniter/system/Commands/Server/rewrite.php(43): require_once('...')
#5 {main}
CRITICAL - 2022-12-29 08:03:02 --> Call to a member function isLoggedIn() on null
#0 /home/geek/projects/CodeIgniter/system/Filters/Filters.php(173): App\Filters\AccessFilter->before()
#1 /home/geek/projects/CodeIgniter/system/CodeIgniter.php(386): CodeIgniter\Filters\Filters->run()
#2 /home/geek/projects/CodeIgniter/system/CodeIgniter.php(320): CodeIgniter\CodeIgniter->handleRequest()
#3 /home/geek/projects/CodeIgniter/public/index.php(37): CodeIgniter\CodeIgniter->run()
#4 /home/geek/projects/CodeIgniter/system/Commands/Server/rewrite.php(43): require_once('...')
#5 {main}
CRITICAL - 2022-12-29 08:03:03 --> Call to a member function isLoggedIn() on null
#0 /home/geek/projects/CodeIgniter/system/Filters/Filters.php(173): App\Filters\AccessFilter->before()
#1 /home/geek/projects/CodeIgniter/system/CodeIgniter.php(386): CodeIgniter\Filters\Filters->run()
#2 /home/geek/projects/CodeIgniter/system/CodeIgniter.php(320): CodeIgniter\CodeIgniter->handleRequest()
#3 /home/geek/projects/CodeIgniter/public/index.php(37): CodeIgniter\CodeIgniter->run()
#4 /home/geek/projects/CodeIgniter/system/Commands/Server/rewrite.php(43): require_once('...')
#5 {main}
CRITICAL - 2022-12-29 08:03:03 --> Call to a member function isLoggedIn() on null
#0 /home/geek/projects/CodeIgniter/system/Filters/Filters.php(173): App\Filters\AccessFilter->before()
#1 /home/geek/projects/CodeIgniter/system/CodeIgniter.php(386): CodeIgniter\Filters\Filters->run()
#2 /home/geek/projects/CodeIgniter/system/CodeIgniter.php(320): CodeIgniter\CodeIgniter->handleRequest()
#3 /home/geek/projects/CodeIgniter/public/index.php(37): CodeIgniter\CodeIgniter->run()
#4 /home/geek/projects/CodeIgniter/system/Commands/Server/rewrite.php(43): require_once('...')
#5 {main}
CRITICAL - 2022-12-29 08:07:02 --> Call to a member function user() on null
#0 /home/geek/projects/CodeIgniter/system/Filters/Filters.php(173): App\Filters\AccessFilter->before()
#1 /home/geek/projects/CodeIgniter/system/CodeIgniter.php(386): CodeIgniter\Filters\Filters->run()
#2 /home/geek/projects/CodeIgniter/system/CodeIgniter.php(320): CodeIgniter\CodeIgniter->handleRequest()
#3 /home/geek/projects/CodeIgniter/public/index.php(37): CodeIgniter\CodeIgniter->run()
#4 /home/geek/projects/CodeIgniter/system/Commands/Server/rewrite.php(43): require_once('...')
#5 {main}
CRITICAL - 2022-12-29 08:07:03 --> Call to a member function user() on null
#0 /home/geek/projects/CodeIgniter/system/Filters/Filters.php(173): App\Filters\AccessFilter->before()
#1 /home/geek/projects/CodeIgniter/system/CodeIgniter.php(386): CodeIgniter\Filters\Filters->run()
#2 /home/geek/projects/CodeIgniter/system/CodeIgniter.php(320): CodeIgniter\CodeIgniter->handleRequest()
#3 /home/geek/projects/CodeIgniter/public/index.php(37): CodeIgniter\CodeIgniter->run()
#4 /home/geek/projects/CodeIgniter/system/Commands/Server/rewrite.php(43): require_once('...')
#5 {main}
CRITICAL - 2022-12-29 08:07:03 --> Call to a member function user() on null
#0 /home/geek/projects/CodeIgniter/system/Filters/Filters.php(173): App\Filters\AccessFilter->before()
#1 /home/geek/projects/CodeIgniter/system/CodeIgniter.php(386): CodeIgniter\Filters\Filters->run()
#2 /home/geek/projects/CodeIgniter/system/CodeIgniter.php(320): CodeIgniter\CodeIgniter->handleRequest()
#3 /home/geek/projects/CodeIgniter/public/index.php(37): CodeIgniter\CodeIgniter->run()
#4 /home/geek/projects/CodeIgniter/system/Commands/Server/rewrite.php(43): require_once('...')
#5 {main}
CRITICAL - 2022-12-29 08:07:03 --> Call to a member function user() on null
#0 /home/geek/projects/CodeIgniter/system/Filters/Filters.php(173): App\Filters\AccessFilter->before()
#1 /home/geek/projects/CodeIgniter/system/CodeIgniter.php(386): CodeIgniter\Filters\Filters->run()
#2 /home/geek/projects/CodeIgniter/system/CodeIgniter.php(320): CodeIgniter\CodeIgniter->handleRequest()
#3 /home/geek/projects/CodeIgniter/public/index.php(37): CodeIgniter\CodeIgniter->run()
#4 /home/geek/projects/CodeIgniter/system/Commands/Server/rewrite.php(43): require_once('...')
#5 {main}
CRITICAL - 2022-12-29 08:07:04 --> Call to a member function user() on null
#0 /home/geek/projects/CodeIgniter/system/Filters/Filters.php(173): App\Filters\AccessFilter->before()
#1 /home/geek/projects/CodeIgniter/system/CodeIgniter.php(386): CodeIgniter\Filters\Filters->run()
#2 /home/geek/projects/CodeIgniter/system/CodeIgniter.php(320): CodeIgniter\CodeIgniter->handleRequest()
#3 /home/geek/projects/CodeIgniter/public/index.php(37): CodeIgniter\CodeIgniter->run()
#4 /home/geek/projects/CodeIgniter/system/Commands/Server/rewrite.php(43): require_once('...')
#5 {main}
