CRITICAL - 2022-12-31 05:17:51 --> syntax error, unexpected token "if"
#0 /home/geek/projects/CodeIgniter/system/View/View.php(213): CodeIgniter\View\View->CodeIgniter\View\{closure}()
#1 /home/geek/projects/CodeIgniter/system/Common.php(1089): CodeIgniter\View\View->render()
#2 /home/geek/projects/CodeIgniter/app/Views/Auth/layout.php(25): view()
#3 /home/geek/projects/CodeIgniter/system/View/View.php(210): include('...')
#4 /home/geek/projects/CodeIgniter/system/View/View.php(213): CodeIgniter\View\View->CodeIgniter\View\{closure}()
#5 /home/geek/projects/CodeIgniter/system/View/View.php(226): CodeIgniter\View\View->render()
#6 /home/geek/projects/CodeIgniter/system/Common.php(1089): CodeIgniter\View\View->render()
#7 /home/geek/projects/CodeIgniter/vendor/myth/auth/src/Controllers/AuthController.php(412): view()
#8 /home/geek/projects/CodeIgniter/vendor/myth/auth/src/Controllers/AuthController.php(58): Myth\Auth\Controllers\AuthController->_render()
#9 /home/geek/projects/CodeIgniter/system/CodeIgniter.php(825): Myth\Auth\Controllers\AuthController->login()
#10 /home/geek/projects/CodeIgniter/system/CodeIgniter.php(412): CodeIgniter\CodeIgniter->runController()
#11 /home/geek/projects/CodeIgniter/system/CodeIgniter.php(320): CodeIgniter\CodeIgniter->handleRequest()
#12 /home/geek/projects/CodeIgniter/public/index.php(37): CodeIgniter\CodeIgniter->run()
#13 /home/geek/projects/CodeIgniter/system/Commands/Server/rewrite.php(43): require_once('...')
#14 {main}
CRITICAL - 2022-12-31 05:17:51 --> syntax error, unexpected token "if"
#0 /home/geek/projects/CodeIgniter/system/View/View.php(213): CodeIgniter\View\View->CodeIgniter\View\{closure}()
#1 /home/geek/projects/CodeIgniter/system/Common.php(1089): CodeIgniter\View\View->render()
#2 /home/geek/projects/CodeIgniter/app/Views/Auth/layout.php(25): view()
#3 /home/geek/projects/CodeIgniter/system/View/View.php(210): include('...')
#4 /home/geek/projects/CodeIgniter/system/View/View.php(213): CodeIgniter\View\View->CodeIgniter\View\{closure}()
#5 /home/geek/projects/CodeIgniter/system/View/View.php(226): CodeIgniter\View\View->render()
#6 /home/geek/projects/CodeIgniter/system/Common.php(1089): CodeIgniter\View\View->render()
#7 /home/geek/projects/CodeIgniter/vendor/myth/auth/src/Controllers/AuthController.php(412): view()
#8 /home/geek/projects/CodeIgniter/vendor/myth/auth/src/Controllers/AuthController.php(58): Myth\Auth\Controllers\AuthController->_render()
#9 /home/geek/projects/CodeIgniter/system/CodeIgniter.php(825): Myth\Auth\Controllers\AuthController->login()
#10 /home/geek/projects/CodeIgniter/system/CodeIgniter.php(412): CodeIgniter\CodeIgniter->runController()
#11 /home/geek/projects/CodeIgniter/system/CodeIgniter.php(320): CodeIgniter\CodeIgniter->handleRequest()
#12 /home/geek/projects/CodeIgniter/public/index.php(37): CodeIgniter\CodeIgniter->run()
#13 /home/geek/projects/CodeIgniter/system/Commands/Server/rewrite.php(43): require_once('...')
#14 {main}
CRITICAL - 2022-12-31 05:22:02 --> syntax error, unexpected token "&&"
#0 /home/geek/projects/CodeIgniter/system/View/View.php(213): CodeIgniter\View\View->CodeIgniter\View\{closure}()
#1 /home/geek/projects/CodeIgniter/system/Common.php(1089): CodeIgniter\View\View->render()
#2 /home/geek/projects/CodeIgniter/app/Views/Auth/layout.php(25): view()
#3 /home/geek/projects/CodeIgniter/system/View/View.php(210): include('...')
#4 /home/geek/projects/CodeIgniter/system/View/View.php(213): CodeIgniter\View\View->CodeIgniter\View\{closure}()
#5 /home/geek/projects/CodeIgniter/system/View/View.php(226): CodeIgniter\View\View->render()
#6 /home/geek/projects/CodeIgniter/system/Common.php(1089): CodeIgniter\View\View->render()
#7 /home/geek/projects/CodeIgniter/vendor/myth/auth/src/Controllers/AuthController.php(412): view()
#8 /home/geek/projects/CodeIgniter/vendor/myth/auth/src/Controllers/AuthController.php(58): Myth\Auth\Controllers\AuthController->_render()
#9 /home/geek/projects/CodeIgniter/system/CodeIgniter.php(825): Myth\Auth\Controllers\AuthController->login()
#10 /home/geek/projects/CodeIgniter/system/CodeIgniter.php(412): CodeIgniter\CodeIgniter->runController()
#11 /home/geek/projects/CodeIgniter/system/CodeIgniter.php(320): CodeIgniter\CodeIgniter->handleRequest()
#12 /home/geek/projects/CodeIgniter/public/index.php(37): CodeIgniter\CodeIgniter->run()
#13 /home/geek/projects/CodeIgniter/system/Commands/Server/rewrite.php(43): require_once('...')
#14 {main}
CRITICAL - 2022-12-31 05:22:03 --> syntax error, unexpected token "&&"
#0 /home/geek/projects/CodeIgniter/system/View/View.php(213): CodeIgniter\View\View->CodeIgniter\View\{closure}()
#1 /home/geek/projects/CodeIgniter/system/Common.php(1089): CodeIgniter\View\View->render()
#2 /home/geek/projects/CodeIgniter/app/Views/Auth/layout.php(25): view()
#3 /home/geek/projects/CodeIgniter/system/View/View.php(210): include('...')
#4 /home/geek/projects/CodeIgniter/system/View/View.php(213): CodeIgniter\View\View->CodeIgniter\View\{closure}()
#5 /home/geek/projects/CodeIgniter/system/View/View.php(226): CodeIgniter\View\View->render()
#6 /home/geek/projects/CodeIgniter/system/Common.php(1089): CodeIgniter\View\View->render()
#7 /home/geek/projects/CodeIgniter/vendor/myth/auth/src/Controllers/AuthController.php(412): view()
#8 /home/geek/projects/CodeIgniter/vendor/myth/auth/src/Controllers/AuthController.php(58): Myth\Auth\Controllers\AuthController->_render()
#9 /home/geek/projects/CodeIgniter/system/CodeIgniter.php(825): Myth\Auth\Controllers\AuthController->login()
#10 /home/geek/projects/CodeIgniter/system/CodeIgniter.php(412): CodeIgniter\CodeIgniter->runController()
#11 /home/geek/projects/CodeIgniter/system/CodeIgniter.php(320): CodeIgniter\CodeIgniter->handleRequest()
#12 /home/geek/projects/CodeIgniter/public/index.php(37): CodeIgniter\CodeIgniter->run()
#13 /home/geek/projects/CodeIgniter/system/Commands/Server/rewrite.php(43): require_once('...')
#14 {main}
CRITICAL - 2022-12-31 05:22:03 --> syntax error, unexpected token "&&"
#0 /home/geek/projects/CodeIgniter/system/View/View.php(213): CodeIgniter\View\View->CodeIgniter\View\{closure}()
#1 /home/geek/projects/CodeIgniter/system/Common.php(1089): CodeIgniter\View\View->render()
#2 /home/geek/projects/CodeIgniter/app/Views/Auth/layout.php(25): view()
#3 /home/geek/projects/CodeIgniter/system/View/View.php(210): include('...')
#4 /home/geek/projects/CodeIgniter/system/View/View.php(213): CodeIgniter\View\View->CodeIgniter\View\{closure}()
#5 /home/geek/projects/CodeIgniter/system/View/View.php(226): CodeIgniter\View\View->render()
#6 /home/geek/projects/CodeIgniter/system/Common.php(1089): CodeIgniter\View\View->render()
#7 /home/geek/projects/CodeIgniter/vendor/myth/auth/src/Controllers/AuthController.php(412): view()
#8 /home/geek/projects/CodeIgniter/vendor/myth/auth/src/Controllers/AuthController.php(58): Myth\Auth\Controllers\AuthController->_render()
#9 /home/geek/projects/CodeIgniter/system/CodeIgniter.php(825): Myth\Auth\Controllers\AuthController->login()
#10 /home/geek/projects/CodeIgniter/system/CodeIgniter.php(412): CodeIgniter\CodeIgniter->runController()
#11 /home/geek/projects/CodeIgniter/system/CodeIgniter.php(320): CodeIgniter\CodeIgniter->handleRequest()
#12 /home/geek/projects/CodeIgniter/public/index.php(37): CodeIgniter\CodeIgniter->run()
#13 /home/geek/projects/CodeIgniter/system/Commands/Server/rewrite.php(43): require_once('...')
#14 {main}
CRITICAL - 2022-12-31 05:22:03 --> syntax error, unexpected token "&&"
#0 /home/geek/projects/CodeIgniter/system/View/View.php(213): CodeIgniter\View\View->CodeIgniter\View\{closure}()
#1 /home/geek/projects/CodeIgniter/system/Common.php(1089): CodeIgniter\View\View->render()
#2 /home/geek/projects/CodeIgniter/app/Views/Auth/layout.php(25): view()
#3 /home/geek/projects/CodeIgniter/system/View/View.php(210): include('...')
#4 /home/geek/projects/CodeIgniter/system/View/View.php(213): CodeIgniter\View\View->CodeIgniter\View\{closure}()
#5 /home/geek/projects/CodeIgniter/system/View/View.php(226): CodeIgniter\View\View->render()
#6 /home/geek/projects/CodeIgniter/system/Common.php(1089): CodeIgniter\View\View->render()
#7 /home/geek/projects/CodeIgniter/vendor/myth/auth/src/Controllers/AuthController.php(412): view()
#8 /home/geek/projects/CodeIgniter/vendor/myth/auth/src/Controllers/AuthController.php(58): Myth\Auth\Controllers\AuthController->_render()
#9 /home/geek/projects/CodeIgniter/system/CodeIgniter.php(825): Myth\Auth\Controllers\AuthController->login()
#10 /home/geek/projects/CodeIgniter/system/CodeIgniter.php(412): CodeIgniter\CodeIgniter->runController()
#11 /home/geek/projects/CodeIgniter/system/CodeIgniter.php(320): CodeIgniter\CodeIgniter->handleRequest()
#12 /home/geek/projects/CodeIgniter/public/index.php(37): CodeIgniter\CodeIgniter->run()
#13 /home/geek/projects/CodeIgniter/system/Commands/Server/rewrite.php(43): require_once('...')
#14 {main}
CRITICAL - 2022-12-31 05:22:03 --> syntax error, unexpected token "&&"
#0 /home/geek/projects/CodeIgniter/system/View/View.php(213): CodeIgniter\View\View->CodeIgniter\View\{closure}()
#1 /home/geek/projects/CodeIgniter/system/Common.php(1089): CodeIgniter\View\View->render()
#2 /home/geek/projects/CodeIgniter/app/Views/Auth/layout.php(25): view()
#3 /home/geek/projects/CodeIgniter/system/View/View.php(210): include('...')
#4 /home/geek/projects/CodeIgniter/system/View/View.php(213): CodeIgniter\View\View->CodeIgniter\View\{closure}()
#5 /home/geek/projects/CodeIgniter/system/View/View.php(226): CodeIgniter\View\View->render()
#6 /home/geek/projects/CodeIgniter/system/Common.php(1089): CodeIgniter\View\View->render()
#7 /home/geek/projects/CodeIgniter/vendor/myth/auth/src/Controllers/AuthController.php(412): view()
#8 /home/geek/projects/CodeIgniter/vendor/myth/auth/src/Controllers/AuthController.php(58): Myth\Auth\Controllers\AuthController->_render()
#9 /home/geek/projects/CodeIgniter/system/CodeIgniter.php(825): Myth\Auth\Controllers\AuthController->login()
#10 /home/geek/projects/CodeIgniter/system/CodeIgniter.php(412): CodeIgniter\CodeIgniter->runController()
#11 /home/geek/projects/CodeIgniter/system/CodeIgniter.php(320): CodeIgniter\CodeIgniter->handleRequest()
#12 /home/geek/projects/CodeIgniter/public/index.php(37): CodeIgniter\CodeIgniter->run()
#13 /home/geek/projects/CodeIgniter/system/Commands/Server/rewrite.php(43): require_once('...')
#14 {main}
CRITICAL - 2022-12-31 05:22:03 --> syntax error, unexpected token "&&"
#0 /home/geek/projects/CodeIgniter/system/View/View.php(213): CodeIgniter\View\View->CodeIgniter\View\{closure}()
#1 /home/geek/projects/CodeIgniter/system/Common.php(1089): CodeIgniter\View\View->render()
#2 /home/geek/projects/CodeIgniter/app/Views/Auth/layout.php(25): view()
#3 /home/geek/projects/CodeIgniter/system/View/View.php(210): include('...')
#4 /home/geek/projects/CodeIgniter/system/View/View.php(213): CodeIgniter\View\View->CodeIgniter\View\{closure}()
#5 /home/geek/projects/CodeIgniter/system/View/View.php(226): CodeIgniter\View\View->render()
#6 /home/geek/projects/CodeIgniter/system/Common.php(1089): CodeIgniter\View\View->render()
#7 /home/geek/projects/CodeIgniter/vendor/myth/auth/src/Controllers/AuthController.php(412): view()
#8 /home/geek/projects/CodeIgniter/vendor/myth/auth/src/Controllers/AuthController.php(58): Myth\Auth\Controllers\AuthController->_render()
#9 /home/geek/projects/CodeIgniter/system/CodeIgniter.php(825): Myth\Auth\Controllers\AuthController->login()
#10 /home/geek/projects/CodeIgniter/system/CodeIgniter.php(412): CodeIgniter\CodeIgniter->runController()
#11 /home/geek/projects/CodeIgniter/system/CodeIgniter.php(320): CodeIgniter\CodeIgniter->handleRequest()
#12 /home/geek/projects/CodeIgniter/public/index.php(37): CodeIgniter\CodeIgniter->run()
#13 /home/geek/projects/CodeIgniter/system/Commands/Server/rewrite.php(43): require_once('...')
#14 {main}
CRITICAL - 2022-12-31 05:22:20 --> Call to undefined function logged_in()
#0 /home/geek/projects/CodeIgniter/system/View/View.php(210): include()
#1 /home/geek/projects/CodeIgniter/system/View/View.php(213): CodeIgniter\View\View->CodeIgniter\View\{closure}()
#2 /home/geek/projects/CodeIgniter/system/Common.php(1089): CodeIgniter\View\View->render()
#3 /home/geek/projects/CodeIgniter/app/Views/Auth/layout.php(25): view()
#4 /home/geek/projects/CodeIgniter/system/View/View.php(210): include('...')
#5 /home/geek/projects/CodeIgniter/system/View/View.php(213): CodeIgniter\View\View->CodeIgniter\View\{closure}()
#6 /home/geek/projects/CodeIgniter/system/View/View.php(226): CodeIgniter\View\View->render()
#7 /home/geek/projects/CodeIgniter/system/Common.php(1089): CodeIgniter\View\View->render()
#8 /home/geek/projects/CodeIgniter/vendor/myth/auth/src/Controllers/AuthController.php(412): view()
#9 /home/geek/projects/CodeIgniter/vendor/myth/auth/src/Controllers/AuthController.php(58): Myth\Auth\Controllers\AuthController->_render()
#10 /home/geek/projects/CodeIgniter/system/CodeIgniter.php(825): Myth\Auth\Controllers\AuthController->login()
#11 /home/geek/projects/CodeIgniter/system/CodeIgniter.php(412): CodeIgniter\CodeIgniter->runController()
#12 /home/geek/projects/CodeIgniter/system/CodeIgniter.php(320): CodeIgniter\CodeIgniter->handleRequest()
#13 /home/geek/projects/CodeIgniter/public/index.php(37): CodeIgniter\CodeIgniter->run()
#14 /home/geek/projects/CodeIgniter/system/Commands/Server/rewrite.php(43): require_once('...')
#15 {main}
CRITICAL - 2022-12-31 05:25:18 --> Call to undefined function logged_in()
#0 /home/geek/projects/CodeIgniter/system/View/View.php(210): include()
#1 /home/geek/projects/CodeIgniter/system/View/View.php(213): CodeIgniter\View\View->CodeIgniter\View\{closure}()
#2 /home/geek/projects/CodeIgniter/system/Common.php(1089): CodeIgniter\View\View->render()
#3 /home/geek/projects/CodeIgniter/app/Views/Auth/layout.php(25): view()
#4 /home/geek/projects/CodeIgniter/system/View/View.php(210): include('...')
#5 /home/geek/projects/CodeIgniter/system/View/View.php(213): CodeIgniter\View\View->CodeIgniter\View\{closure}()
#6 /home/geek/projects/CodeIgniter/system/View/View.php(226): CodeIgniter\View\View->render()
#7 /home/geek/projects/CodeIgniter/system/Common.php(1089): CodeIgniter\View\View->render()
#8 /home/geek/projects/CodeIgniter/vendor/myth/auth/src/Controllers/AuthController.php(412): view()
#9 /home/geek/projects/CodeIgniter/vendor/myth/auth/src/Controllers/AuthController.php(58): Myth\Auth\Controllers\AuthController->_render()
#10 /home/geek/projects/CodeIgniter/system/CodeIgniter.php(825): Myth\Auth\Controllers\AuthController->login()
#11 /home/geek/projects/CodeIgniter/system/CodeIgniter.php(412): CodeIgniter\CodeIgniter->runController()
#12 /home/geek/projects/CodeIgniter/system/CodeIgniter.php(320): CodeIgniter\CodeIgniter->handleRequest()
#13 /home/geek/projects/CodeIgniter/public/index.php(37): CodeIgniter\CodeIgniter->run()
#14 /home/geek/projects/CodeIgniter/system/Commands/Server/rewrite.php(43): require_once('...')
#15 {main}
CRITICAL - 2022-12-31 05:25:19 --> Call to undefined function logged_in()
#0 /home/geek/projects/CodeIgniter/system/View/View.php(210): include()
#1 /home/geek/projects/CodeIgniter/system/View/View.php(213): CodeIgniter\View\View->CodeIgniter\View\{closure}()
#2 /home/geek/projects/CodeIgniter/system/Common.php(1089): CodeIgniter\View\View->render()
#3 /home/geek/projects/CodeIgniter/app/Views/Auth/layout.php(25): view()
#4 /home/geek/projects/CodeIgniter/system/View/View.php(210): include('...')
#5 /home/geek/projects/CodeIgniter/system/View/View.php(213): CodeIgniter\View\View->CodeIgniter\View\{closure}()
#6 /home/geek/projects/CodeIgniter/system/View/View.php(226): CodeIgniter\View\View->render()
#7 /home/geek/projects/CodeIgniter/system/Common.php(1089): CodeIgniter\View\View->render()
#8 /home/geek/projects/CodeIgniter/vendor/myth/auth/src/Controllers/AuthController.php(412): view()
#9 /home/geek/projects/CodeIgniter/vendor/myth/auth/src/Controllers/AuthController.php(58): Myth\Auth\Controllers\AuthController->_render()
#10 /home/geek/projects/CodeIgniter/system/CodeIgniter.php(825): Myth\Auth\Controllers\AuthController->login()
#11 /home/geek/projects/CodeIgniter/system/CodeIgniter.php(412): CodeIgniter\CodeIgniter->runController()
#12 /home/geek/projects/CodeIgniter/system/CodeIgniter.php(320): CodeIgniter\CodeIgniter->handleRequest()
#13 /home/geek/projects/CodeIgniter/public/index.php(37): CodeIgniter\CodeIgniter->run()
#14 /home/geek/projects/CodeIgniter/system/Commands/Server/rewrite.php(43): require_once('...')
#15 {main}
CRITICAL - 2022-12-31 05:25:19 --> Call to undefined function logged_in()
#0 /home/geek/projects/CodeIgniter/system/View/View.php(210): include()
#1 /home/geek/projects/CodeIgniter/system/View/View.php(213): CodeIgniter\View\View->CodeIgniter\View\{closure}()
#2 /home/geek/projects/CodeIgniter/system/Common.php(1089): CodeIgniter\View\View->render()
#3 /home/geek/projects/CodeIgniter/app/Views/Auth/layout.php(25): view()
#4 /home/geek/projects/CodeIgniter/system/View/View.php(210): include('...')
#5 /home/geek/projects/CodeIgniter/system/View/View.php(213): CodeIgniter\View\View->CodeIgniter\View\{closure}()
#6 /home/geek/projects/CodeIgniter/system/View/View.php(226): CodeIgniter\View\View->render()
#7 /home/geek/projects/CodeIgniter/system/Common.php(1089): CodeIgniter\View\View->render()
#8 /home/geek/projects/CodeIgniter/vendor/myth/auth/src/Controllers/AuthController.php(412): view()
#9 /home/geek/projects/CodeIgniter/vendor/myth/auth/src/Controllers/AuthController.php(58): Myth\Auth\Controllers\AuthController->_render()
#10 /home/geek/projects/CodeIgniter/system/CodeIgniter.php(825): Myth\Auth\Controllers\AuthController->login()
#11 /home/geek/projects/CodeIgniter/system/CodeIgniter.php(412): CodeIgniter\CodeIgniter->runController()
#12 /home/geek/projects/CodeIgniter/system/CodeIgniter.php(320): CodeIgniter\CodeIgniter->handleRequest()
#13 /home/geek/projects/CodeIgniter/public/index.php(37): CodeIgniter\CodeIgniter->run()
#14 /home/geek/projects/CodeIgniter/system/Commands/Server/rewrite.php(43): require_once('...')
#15 {main}
CRITICAL - 2022-12-31 05:25:19 --> Call to undefined function logged_in()
#0 /home/geek/projects/CodeIgniter/system/View/View.php(210): include()
#1 /home/geek/projects/CodeIgniter/system/View/View.php(213): CodeIgniter\View\View->CodeIgniter\View\{closure}()
#2 /home/geek/projects/CodeIgniter/system/Common.php(1089): CodeIgniter\View\View->render()
#3 /home/geek/projects/CodeIgniter/app/Views/Auth/layout.php(25): view()
#4 /home/geek/projects/CodeIgniter/system/View/View.php(210): include('...')
#5 /home/geek/projects/CodeIgniter/system/View/View.php(213): CodeIgniter\View\View->CodeIgniter\View\{closure}()
#6 /home/geek/projects/CodeIgniter/system/View/View.php(226): CodeIgniter\View\View->render()
#7 /home/geek/projects/CodeIgniter/system/Common.php(1089): CodeIgniter\View\View->render()
#8 /home/geek/projects/CodeIgniter/vendor/myth/auth/src/Controllers/AuthController.php(412): view()
#9 /home/geek/projects/CodeIgniter/vendor/myth/auth/src/Controllers/AuthController.php(58): Myth\Auth\Controllers\AuthController->_render()
#10 /home/geek/projects/CodeIgniter/system/CodeIgniter.php(825): Myth\Auth\Controllers\AuthController->login()
#11 /home/geek/projects/CodeIgniter/system/CodeIgniter.php(412): CodeIgniter\CodeIgniter->runController()
#12 /home/geek/projects/CodeIgniter/system/CodeIgniter.php(320): CodeIgniter\CodeIgniter->handleRequest()
#13 /home/geek/projects/CodeIgniter/public/index.php(37): CodeIgniter\CodeIgniter->run()
#14 /home/geek/projects/CodeIgniter/system/Commands/Server/rewrite.php(43): require_once('...')
#15 {main}
ERROR - 2022-12-31 08:00:23 --> You have an error in your SQL syntax; check the manual that corresponds to your MySQL server version for the right syntax to use near 'NULL,
	`created_at` datetime NULL,
	`updated_at` datetime NULL,
	`deleted_at` da' at line 6
ERROR - 2022-12-31 08:01:14 --> You have an error in your SQL syntax; check the manual that corresponds to your MySQL server version for the right syntax to use near 'NULL,
	`created_at` timestamp NULL,
	`updated_at` timestamp NULL,
	`deleted_at` ' at line 6
ERROR - 2022-12-31 08:02:10 --> You have an error in your SQL syntax; check the manual that corresponds to your MySQL server version for the right syntax to use near 'NULL,
	`created_at` datetime NULL,
	`updated_at` datetime NULL,
	`deleted_at` da' at line 6
ERROR - 2022-12-31 08:05:24 --> You have an error in your SQL syntax; check the manual that corresponds to your MySQL server version for the right syntax to use near 'NULL,
	CONSTRAINT `pk_brands` PRIMARY KEY(`id`)
) DEFAULT CHARACTER SET = utf8 C' at line 6
CRITICAL - 2022-12-31 08:37:23 --> Invalid file: brand_view.php
#0 /home/geek/projects/CodeIgniter/system/View/View.php(198): CodeIgniter\Exceptions\FrameworkException::forInvalidFile()
#1 /home/geek/projects/CodeIgniter/system/Common.php(1089): CodeIgniter\View\View->render()
#2 /home/geek/projects/CodeIgniter/app/Controllers/BrandController.php(15): view()
#3 /home/geek/projects/CodeIgniter/system/CodeIgniter.php(825): App\Controllers\BrandController->index()
#4 /home/geek/projects/CodeIgniter/system/CodeIgniter.php(412): CodeIgniter\CodeIgniter->runController()
#5 /home/geek/projects/CodeIgniter/system/CodeIgniter.php(320): CodeIgniter\CodeIgniter->handleRequest()
#6 /home/geek/projects/CodeIgniter/public/index.php(37): CodeIgniter\CodeIgniter->run()
#7 /home/geek/projects/CodeIgniter/system/Commands/Server/rewrite.php(43): require_once('...')
#8 {main}
CRITICAL - 2022-12-31 08:37:42 --> Invalid file: brand.index
#0 /home/geek/projects/CodeIgniter/system/View/View.php(198): CodeIgniter\Exceptions\FrameworkException::forInvalidFile()
#1 /home/geek/projects/CodeIgniter/system/Common.php(1089): CodeIgniter\View\View->render()
#2 /home/geek/projects/CodeIgniter/app/Controllers/BrandController.php(15): view()
#3 /home/geek/projects/CodeIgniter/system/CodeIgniter.php(825): App\Controllers\BrandController->index()
#4 /home/geek/projects/CodeIgniter/system/CodeIgniter.php(412): CodeIgniter\CodeIgniter->runController()
#5 /home/geek/projects/CodeIgniter/system/CodeIgniter.php(320): CodeIgniter\CodeIgniter->handleRequest()
#6 /home/geek/projects/CodeIgniter/public/index.php(37): CodeIgniter\CodeIgniter->run()
#7 /home/geek/projects/CodeIgniter/system/Commands/Server/rewrite.php(43): require_once('...')
#8 {main}
CRITICAL - 2022-12-31 08:37:43 --> Invalid file: brand.index
#0 /home/geek/projects/CodeIgniter/system/View/View.php(198): CodeIgniter\Exceptions\FrameworkException::forInvalidFile()
#1 /home/geek/projects/CodeIgniter/system/Common.php(1089): CodeIgniter\View\View->render()
#2 /home/geek/projects/CodeIgniter/app/Controllers/BrandController.php(15): view()
#3 /home/geek/projects/CodeIgniter/system/CodeIgniter.php(825): App\Controllers\BrandController->index()
#4 /home/geek/projects/CodeIgniter/system/CodeIgniter.php(412): CodeIgniter\CodeIgniter->runController()
#5 /home/geek/projects/CodeIgniter/system/CodeIgniter.php(320): CodeIgniter\CodeIgniter->handleRequest()
#6 /home/geek/projects/CodeIgniter/public/index.php(37): CodeIgniter\CodeIgniter->run()
#7 /home/geek/projects/CodeIgniter/system/Commands/Server/rewrite.php(43): require_once('...')
#8 {main}
CRITICAL - 2022-12-31 08:37:43 --> Invalid file: brand.index
#0 /home/geek/projects/CodeIgniter/system/View/View.php(198): CodeIgniter\Exceptions\FrameworkException::forInvalidFile()
#1 /home/geek/projects/CodeIgniter/system/Common.php(1089): CodeIgniter\View\View->render()
#2 /home/geek/projects/CodeIgniter/app/Controllers/BrandController.php(15): view()
#3 /home/geek/projects/CodeIgniter/system/CodeIgniter.php(825): App\Controllers\BrandController->index()
#4 /home/geek/projects/CodeIgniter/system/CodeIgniter.php(412): CodeIgniter\CodeIgniter->runController()
#5 /home/geek/projects/CodeIgniter/system/CodeIgniter.php(320): CodeIgniter\CodeIgniter->handleRequest()
#6 /home/geek/projects/CodeIgniter/public/index.php(37): CodeIgniter\CodeIgniter->run()
#7 /home/geek/projects/CodeIgniter/system/Commands/Server/rewrite.php(43): require_once('...')
#8 {main}
CRITICAL - 2022-12-31 08:37:43 --> Invalid file: brand.index
#0 /home/geek/projects/CodeIgniter/system/View/View.php(198): CodeIgniter\Exceptions\FrameworkException::forInvalidFile()
#1 /home/geek/projects/CodeIgniter/system/Common.php(1089): CodeIgniter\View\View->render()
#2 /home/geek/projects/CodeIgniter/app/Controllers/BrandController.php(15): view()
#3 /home/geek/projects/CodeIgniter/system/CodeIgniter.php(825): App\Controllers\BrandController->index()
#4 /home/geek/projects/CodeIgniter/system/CodeIgniter.php(412): CodeIgniter\CodeIgniter->runController()
#5 /home/geek/projects/CodeIgniter/system/CodeIgniter.php(320): CodeIgniter\CodeIgniter->handleRequest()
#6 /home/geek/projects/CodeIgniter/public/index.php(37): CodeIgniter\CodeIgniter->run()
#7 /home/geek/projects/CodeIgniter/system/Commands/Server/rewrite.php(43): require_once('...')
#8 {main}
CRITICAL - 2022-12-31 08:37:43 --> Invalid file: brand.index
#0 /home/geek/projects/CodeIgniter/system/View/View.php(198): CodeIgniter\Exceptions\FrameworkException::forInvalidFile()
#1 /home/geek/projects/CodeIgniter/system/Common.php(1089): CodeIgniter\View\View->render()
#2 /home/geek/projects/CodeIgniter/app/Controllers/BrandController.php(15): view()
#3 /home/geek/projects/CodeIgniter/system/CodeIgniter.php(825): App\Controllers\BrandController->index()
#4 /home/geek/projects/CodeIgniter/system/CodeIgniter.php(412): CodeIgniter\CodeIgniter->runController()
#5 /home/geek/projects/CodeIgniter/system/CodeIgniter.php(320): CodeIgniter\CodeIgniter->handleRequest()
#6 /home/geek/projects/CodeIgniter/public/index.php(37): CodeIgniter\CodeIgniter->run()
#7 /home/geek/projects/CodeIgniter/system/Commands/Server/rewrite.php(43): require_once('...')
#8 {main}
CRITICAL - 2022-12-31 08:37:51 --> Invalid file: index.php
#0 /home/geek/projects/CodeIgniter/system/View/View.php(198): CodeIgniter\Exceptions\FrameworkException::forInvalidFile()
#1 /home/geek/projects/CodeIgniter/system/Common.php(1089): CodeIgniter\View\View->render()
#2 /home/geek/projects/CodeIgniter/app/Controllers/BrandController.php(15): view()
#3 /home/geek/projects/CodeIgniter/system/CodeIgniter.php(825): App\Controllers\BrandController->index()
#4 /home/geek/projects/CodeIgniter/system/CodeIgniter.php(412): CodeIgniter\CodeIgniter->runController()
#5 /home/geek/projects/CodeIgniter/system/CodeIgniter.php(320): CodeIgniter\CodeIgniter->handleRequest()
#6 /home/geek/projects/CodeIgniter/public/index.php(37): CodeIgniter\CodeIgniter->run()
#7 /home/geek/projects/CodeIgniter/system/Commands/Server/rewrite.php(43): require_once('...')
#8 {main}
CRITICAL - 2022-12-31 08:37:52 --> Invalid file: index.php
#0 /home/geek/projects/CodeIgniter/system/View/View.php(198): CodeIgniter\Exceptions\FrameworkException::forInvalidFile()
#1 /home/geek/projects/CodeIgniter/system/Common.php(1089): CodeIgniter\View\View->render()
#2 /home/geek/projects/CodeIgniter/app/Controllers/BrandController.php(15): view()
#3 /home/geek/projects/CodeIgniter/system/CodeIgniter.php(825): App\Controllers\BrandController->index()
#4 /home/geek/projects/CodeIgniter/system/CodeIgniter.php(412): CodeIgniter\CodeIgniter->runController()
#5 /home/geek/projects/CodeIgniter/system/CodeIgniter.php(320): CodeIgniter\CodeIgniter->handleRequest()
#6 /home/geek/projects/CodeIgniter/public/index.php(37): CodeIgniter\CodeIgniter->run()
#7 /home/geek/projects/CodeIgniter/system/Commands/Server/rewrite.php(43): require_once('...')
#8 {main}
CRITICAL - 2022-12-31 08:37:52 --> Invalid file: index.php
#0 /home/geek/projects/CodeIgniter/system/View/View.php(198): CodeIgniter\Exceptions\FrameworkException::forInvalidFile()
#1 /home/geek/projects/CodeIgniter/system/Common.php(1089): CodeIgniter\View\View->render()
#2 /home/geek/projects/CodeIgniter/app/Controllers/BrandController.php(15): view()
#3 /home/geek/projects/CodeIgniter/system/CodeIgniter.php(825): App\Controllers\BrandController->index()
#4 /home/geek/projects/CodeIgniter/system/CodeIgniter.php(412): CodeIgniter\CodeIgniter->runController()
#5 /home/geek/projects/CodeIgniter/system/CodeIgniter.php(320): CodeIgniter\CodeIgniter->handleRequest()
#6 /home/geek/projects/CodeIgniter/public/index.php(37): CodeIgniter\CodeIgniter->run()
#7 /home/geek/projects/CodeIgniter/system/Commands/Server/rewrite.php(43): require_once('...')
#8 {main}
CRITICAL - 2022-12-31 08:37:52 --> Invalid file: index.php
#0 /home/geek/projects/CodeIgniter/system/View/View.php(198): CodeIgniter\Exceptions\FrameworkException::forInvalidFile()
#1 /home/geek/projects/CodeIgniter/system/Common.php(1089): CodeIgniter\View\View->render()
#2 /home/geek/projects/CodeIgniter/app/Controllers/BrandController.php(15): view()
#3 /home/geek/projects/CodeIgniter/system/CodeIgniter.php(825): App\Controllers\BrandController->index()
#4 /home/geek/projects/CodeIgniter/system/CodeIgniter.php(412): CodeIgniter\CodeIgniter->runController()
#5 /home/geek/projects/CodeIgniter/system/CodeIgniter.php(320): CodeIgniter\CodeIgniter->handleRequest()
#6 /home/geek/projects/CodeIgniter/public/index.php(37): CodeIgniter\CodeIgniter->run()
#7 /home/geek/projects/CodeIgniter/system/Commands/Server/rewrite.php(43): require_once('...')
#8 {main}
CRITICAL - 2022-12-31 08:37:52 --> Invalid file: index.php
#0 /home/geek/projects/CodeIgniter/system/View/View.php(198): CodeIgniter\Exceptions\FrameworkException::forInvalidFile()
#1 /home/geek/projects/CodeIgniter/system/Common.php(1089): CodeIgniter\View\View->render()
#2 /home/geek/projects/CodeIgniter/app/Controllers/BrandController.php(15): view()
#3 /home/geek/projects/CodeIgniter/system/CodeIgniter.php(825): App\Controllers\BrandController->index()
#4 /home/geek/projects/CodeIgniter/system/CodeIgniter.php(412): CodeIgniter\CodeIgniter->runController()
#5 /home/geek/projects/CodeIgniter/system/CodeIgniter.php(320): CodeIgniter\CodeIgniter->handleRequest()
#6 /home/geek/projects/CodeIgniter/public/index.php(37): CodeIgniter\CodeIgniter->run()
#7 /home/geek/projects/CodeIgniter/system/Commands/Server/rewrite.php(43): require_once('...')
#8 {main}
CRITICAL - 2022-12-31 08:42:59 --> Undefined variable $brands
#0 /home/geek/projects/CodeIgniter/app/Views/brand/index.php(31): CodeIgniter\Debug\Exceptions->errorHandler()
#1 /home/geek/projects/CodeIgniter/system/View/View.php(210): include('...')
#2 /home/geek/projects/CodeIgniter/system/View/View.php(213): CodeIgniter\View\View->CodeIgniter\View\{closure}()
#3 /home/geek/projects/CodeIgniter/system/Common.php(1089): CodeIgniter\View\View->render()
#4 /home/geek/projects/CodeIgniter/app/Controllers/BrandController.php(22): view()
#5 /home/geek/projects/CodeIgniter/system/CodeIgniter.php(825): App\Controllers\BrandController->index()
#6 /home/geek/projects/CodeIgniter/system/CodeIgniter.php(412): CodeIgniter\CodeIgniter->runController()
#7 /home/geek/projects/CodeIgniter/system/CodeIgniter.php(320): CodeIgniter\CodeIgniter->handleRequest()
#8 /home/geek/projects/CodeIgniter/public/index.php(37): CodeIgniter\CodeIgniter->run()
#9 /home/geek/projects/CodeIgniter/system/Commands/Server/rewrite.php(43): require_once('...')
#10 {main}
CRITICAL - 2022-12-31 08:47:14 --> Undefined array key "slogan"
#0 /home/geek/projects/CodeIgniter/app/Views/brand/index.php(36): CodeIgniter\Debug\Exceptions->errorHandler()
#1 /home/geek/projects/CodeIgniter/system/View/View.php(210): include('...')
#2 /home/geek/projects/CodeIgniter/system/View/View.php(213): CodeIgniter\View\View->CodeIgniter\View\{closure}()
#3 /home/geek/projects/CodeIgniter/system/Common.php(1089): CodeIgniter\View\View->render()
#4 /home/geek/projects/CodeIgniter/app/Controllers/BrandController.php(72): view()
#5 /home/geek/projects/CodeIgniter/app/Controllers/BrandController.php(22): App\Controllers\BrandController->_render()
#6 /home/geek/projects/CodeIgniter/system/CodeIgniter.php(825): App\Controllers\BrandController->index()
#7 /home/geek/projects/CodeIgniter/system/CodeIgniter.php(412): CodeIgniter\CodeIgniter->runController()
#8 /home/geek/projects/CodeIgniter/system/CodeIgniter.php(320): CodeIgniter\CodeIgniter->handleRequest()
#9 /home/geek/projects/CodeIgniter/public/index.php(37): CodeIgniter\CodeIgniter->run()
#10 /home/geek/projects/CodeIgniter/system/Commands/Server/rewrite.php(43): require_once('...')
#11 {main}
CRITICAL - 2022-12-31 08:49:00 --> Undefined array key "image"
#0 /home/geek/projects/CodeIgniter/app/Views/brand/index.php(38): CodeIgniter\Debug\Exceptions->errorHandler()
#1 /home/geek/projects/CodeIgniter/system/View/View.php(210): include('...')
#2 /home/geek/projects/CodeIgniter/system/View/View.php(213): CodeIgniter\View\View->CodeIgniter\View\{closure}()
#3 /home/geek/projects/CodeIgniter/system/Common.php(1089): CodeIgniter\View\View->render()
#4 /home/geek/projects/CodeIgniter/app/Controllers/BrandController.php(72): view()
#5 /home/geek/projects/CodeIgniter/app/Controllers/BrandController.php(22): App\Controllers\BrandController->_render()
#6 /home/geek/projects/CodeIgniter/system/CodeIgniter.php(825): App\Controllers\BrandController->index()
#7 /home/geek/projects/CodeIgniter/system/CodeIgniter.php(412): CodeIgniter\CodeIgniter->runController()
#8 /home/geek/projects/CodeIgniter/system/CodeIgniter.php(320): CodeIgniter\CodeIgniter->handleRequest()
#9 /home/geek/projects/CodeIgniter/public/index.php(37): CodeIgniter\CodeIgniter->run()
#10 /home/geek/projects/CodeIgniter/system/Commands/Server/rewrite.php(43): require_once('...')
#11 {main}
CRITICAL - 2022-12-31 09:37:30 --> Invalid file: add.php
#0 /home/geek/projects/CodeIgniter/system/View/View.php(198): CodeIgniter\Exceptions\FrameworkException::forInvalidFile()
#1 /home/geek/projects/CodeIgniter/system/Common.php(1089): CodeIgniter\View\View->render()
#2 /home/geek/projects/CodeIgniter/app/Controllers/BrandController.php(73): view()
#3 /home/geek/projects/CodeIgniter/app/Controllers/BrandController.php(30): App\Controllers\BrandController->_render()
#4 /home/geek/projects/CodeIgniter/system/CodeIgniter.php(825): App\Controllers\BrandController->add()
#5 /home/geek/projects/CodeIgniter/system/CodeIgniter.php(412): CodeIgniter\CodeIgniter->runController()
#6 /home/geek/projects/CodeIgniter/system/CodeIgniter.php(320): CodeIgniter\CodeIgniter->handleRequest()
#7 /home/geek/projects/CodeIgniter/public/index.php(37): CodeIgniter\CodeIgniter->run()
#8 /home/geek/projects/CodeIgniter/system/Commands/Server/rewrite.php(43): require_once('...')
#9 {main}
CRITICAL - 2022-12-31 09:37:58 --> Invalid file: add.php
#0 /home/geek/projects/CodeIgniter/system/View/View.php(198): CodeIgniter\Exceptions\FrameworkException::forInvalidFile()
#1 /home/geek/projects/CodeIgniter/system/Common.php(1089): CodeIgniter\View\View->render()
#2 /home/geek/projects/CodeIgniter/app/Controllers/BrandController.php(73): view()
#3 /home/geek/projects/CodeIgniter/app/Controllers/BrandController.php(30): App\Controllers\BrandController->_render()
#4 /home/geek/projects/CodeIgniter/system/CodeIgniter.php(825): App\Controllers\BrandController->create()
#5 /home/geek/projects/CodeIgniter/system/CodeIgniter.php(412): CodeIgniter\CodeIgniter->runController()
#6 /home/geek/projects/CodeIgniter/system/CodeIgniter.php(320): CodeIgniter\CodeIgniter->handleRequest()
#7 /home/geek/projects/CodeIgniter/public/index.php(37): CodeIgniter\CodeIgniter->run()
#8 /home/geek/projects/CodeIgniter/system/Commands/Server/rewrite.php(43): require_once('...')
#9 {main}
CRITICAL - 2022-12-31 09:39:20 --> Undefined array key "add"
#0 /home/geek/projects/CodeIgniter/app/Controllers/BrandController.php(30): CodeIgniter\Debug\Exceptions->errorHandler()
#1 /home/geek/projects/CodeIgniter/system/CodeIgniter.php(825): App\Controllers\BrandController->create()
#2 /home/geek/projects/CodeIgniter/system/CodeIgniter.php(412): CodeIgniter\CodeIgniter->runController()
#3 /home/geek/projects/CodeIgniter/system/CodeIgniter.php(320): CodeIgniter\CodeIgniter->handleRequest()
#4 /home/geek/projects/CodeIgniter/public/index.php(37): CodeIgniter\CodeIgniter->run()
#5 /home/geek/projects/CodeIgniter/system/Commands/Server/rewrite.php(43): require_once('...')
#6 {main}
CRITICAL - 2022-12-31 10:08:31 --> Allowed fields must be specified for model: App\Models\Brand
#0 /home/geek/projects/CodeIgniter/system/BaseModel.php(1138): CodeIgniter\Database\Exceptions\DataException::forInvalidAllowedFields()
#1 /home/geek/projects/CodeIgniter/system/BaseModel.php(713): CodeIgniter\BaseModel->doProtectFields()
#2 /home/geek/projects/CodeIgniter/system/Model.php(625): CodeIgniter\BaseModel->insert()
#3 /home/geek/projects/CodeIgniter/app/Controllers/BrandController.php(47): CodeIgniter\Model->insert()
#4 /home/geek/projects/CodeIgniter/system/CodeIgniter.php(825): App\Controllers\BrandController->store()
#5 /home/geek/projects/CodeIgniter/system/CodeIgniter.php(412): CodeIgniter\CodeIgniter->runController()
#6 /home/geek/projects/CodeIgniter/system/CodeIgniter.php(320): CodeIgniter\CodeIgniter->handleRequest()
#7 /home/geek/projects/CodeIgniter/public/index.php(37): CodeIgniter\CodeIgniter->run()
#8 /home/geek/projects/CodeIgniter/system/Commands/Server/rewrite.php(43): require_once('...')
#9 {main}
ERROR - 2022-12-31 10:09:55 --> Column 'slogan' cannot be null
CRITICAL - 2022-12-31 10:09:55 --> Column 'slogan' cannot be null
#0 /home/geek/projects/CodeIgniter/system/Database/MySQLi/Connection.php(292): mysqli->query()
#1 /home/geek/projects/CodeIgniter/system/Database/BaseConnection.php(670): CodeIgniter\Database\MySQLi\Connection->execute()
#2 /home/geek/projects/CodeIgniter/system/Database/BaseConnection.php(598): CodeIgniter\Database\BaseConnection->simpleQuery()
#3 /home/geek/projects/CodeIgniter/system/Database/BaseBuilder.php(1771): CodeIgniter\Database\BaseConnection->query()
#4 /home/geek/projects/CodeIgniter/system/Model.php(239): CodeIgniter\Database\BaseBuilder->insert()
#5 /home/geek/projects/CodeIgniter/system/BaseModel.php(738): CodeIgniter\Model->doInsert()
#6 /home/geek/projects/CodeIgniter/system/Model.php(625): CodeIgniter\BaseModel->insert()
#7 /home/geek/projects/CodeIgniter/app/Controllers/BrandController.php(47): CodeIgniter\Model->insert()
#8 /home/geek/projects/CodeIgniter/system/CodeIgniter.php(825): App\Controllers\BrandController->store()
#9 /home/geek/projects/CodeIgniter/system/CodeIgniter.php(412): CodeIgniter\CodeIgniter->runController()
#10 /home/geek/projects/CodeIgniter/system/CodeIgniter.php(320): CodeIgniter\CodeIgniter->handleRequest()
#11 /home/geek/projects/CodeIgniter/public/index.php(37): CodeIgniter\CodeIgniter->run()
#12 /home/geek/projects/CodeIgniter/system/Commands/Server/rewrite.php(43): require_once('...')
#13 {main}
ERROR - 2022-12-31 10:11:13 --> Column 'slogan' cannot be null
CRITICAL - 2022-12-31 10:11:13 --> Column 'slogan' cannot be null
#0 /home/geek/projects/CodeIgniter/system/Database/MySQLi/Connection.php(292): mysqli->query()
#1 /home/geek/projects/CodeIgniter/system/Database/BaseConnection.php(670): CodeIgniter\Database\MySQLi\Connection->execute()
#2 /home/geek/projects/CodeIgniter/system/Database/BaseConnection.php(598): CodeIgniter\Database\BaseConnection->simpleQuery()
#3 /home/geek/projects/CodeIgniter/system/Database/BaseBuilder.php(1771): CodeIgniter\Database\BaseConnection->query()
#4 /home/geek/projects/CodeIgniter/system/Model.php(239): CodeIgniter\Database\BaseBuilder->insert()
#5 /home/geek/projects/CodeIgniter/system/BaseModel.php(738): CodeIgniter\Model->doInsert()
#6 /home/geek/projects/CodeIgniter/system/Model.php(625): CodeIgniter\BaseModel->insert()
#7 /home/geek/projects/CodeIgniter/app/Controllers/BrandController.php(47): CodeIgniter\Model->insert()
#8 /home/geek/projects/CodeIgniter/system/CodeIgniter.php(825): App\Controllers\BrandController->store()
#9 /home/geek/projects/CodeIgniter/system/CodeIgniter.php(412): CodeIgniter\CodeIgniter->runController()
#10 /home/geek/projects/CodeIgniter/system/CodeIgniter.php(320): CodeIgniter\CodeIgniter->handleRequest()
#11 /home/geek/projects/CodeIgniter/public/index.php(37): CodeIgniter\CodeIgniter->run()
#12 /home/geek/projects/CodeIgniter/system/Commands/Server/rewrite.php(43): require_once('...')
#13 {main}
CRITICAL - 2022-12-31 11:05:02 --> Invalid file: edit_brand.php
#0 /home/geek/projects/CodeIgniter/system/View/View.php(198): CodeIgniter\Exceptions\FrameworkException::forInvalidFile()
#1 /home/geek/projects/CodeIgniter/system/Common.php(1089): CodeIgniter\View\View->render()
#2 /home/geek/projects/CodeIgniter/app/Controllers/BrandController.php(59): view()
#3 /home/geek/projects/CodeIgniter/system/CodeIgniter.php(825): App\Controllers\BrandController->singleUser()
#4 /home/geek/projects/CodeIgniter/system/CodeIgniter.php(412): CodeIgniter\CodeIgniter->runController()
#5 /home/geek/projects/CodeIgniter/system/CodeIgniter.php(320): CodeIgniter\CodeIgniter->handleRequest()
#6 /home/geek/projects/CodeIgniter/public/index.php(37): CodeIgniter\CodeIgniter->run()
#7 /home/geek/projects/CodeIgniter/system/Commands/Server/rewrite.php(43): require_once('...')
#8 {main}
CRITICAL - 2022-12-31 11:05:58 --> Undefined property: Config\Brand::$data
#0 /home/geek/projects/CodeIgniter/app/Controllers/BrandController.php(59): CodeIgniter\Debug\Exceptions->errorHandler()
#1 /home/geek/projects/CodeIgniter/system/CodeIgniter.php(825): App\Controllers\BrandController->singleUser()
#2 /home/geek/projects/CodeIgniter/system/CodeIgniter.php(412): CodeIgniter\CodeIgniter->runController()
#3 /home/geek/projects/CodeIgniter/system/CodeIgniter.php(320): CodeIgniter\CodeIgniter->handleRequest()
#4 /home/geek/projects/CodeIgniter/public/index.php(37): CodeIgniter\CodeIgniter->run()
#5 /home/geek/projects/CodeIgniter/system/Commands/Server/rewrite.php(43): require_once('...')
#6 {main}
CRITICAL - 2022-12-31 11:06:48 --> Undefined property: Config\Brand::$view
#0 /home/geek/projects/CodeIgniter/app/Controllers/BrandController.php(59): CodeIgniter\Debug\Exceptions->errorHandler()
#1 /home/geek/projects/CodeIgniter/system/CodeIgniter.php(825): App\Controllers\BrandController->singleUser()
#2 /home/geek/projects/CodeIgniter/system/CodeIgniter.php(412): CodeIgniter\CodeIgniter->runController()
#3 /home/geek/projects/CodeIgniter/system/CodeIgniter.php(320): CodeIgniter\CodeIgniter->handleRequest()
#4 /home/geek/projects/CodeIgniter/public/index.php(37): CodeIgniter\CodeIgniter->run()
#5 /home/geek/projects/CodeIgniter/system/Commands/Server/rewrite.php(43): require_once('...')
#6 {main}
CRITICAL - 2022-12-31 11:30:14 --> syntax error, unexpected variable "$brand", expecting ")"
#0 /home/geek/projects/CodeIgniter/system/View/View.php(213): CodeIgniter\View\View->CodeIgniter\View\{closure}()
#1 /home/geek/projects/CodeIgniter/system/Common.php(1089): CodeIgniter\View\View->render()
#2 /home/geek/projects/CodeIgniter/app/Controllers/BrandController.php(85): view()
#3 /home/geek/projects/CodeIgniter/app/Controllers/BrandController.php(53): App\Controllers\BrandController->_render()
#4 /home/geek/projects/CodeIgniter/system/CodeIgniter.php(825): App\Controllers\BrandController->singleUser()
#5 /home/geek/projects/CodeIgniter/system/CodeIgniter.php(412): CodeIgniter\CodeIgniter->runController()
#6 /home/geek/projects/CodeIgniter/system/CodeIgniter.php(320): CodeIgniter\CodeIgniter->handleRequest()
#7 /home/geek/projects/CodeIgniter/public/index.php(37): CodeIgniter\CodeIgniter->run()
#8 /home/geek/projects/CodeIgniter/system/Commands/Server/rewrite.php(43): require_once('...')
#9 {main}
CRITICAL - 2022-12-31 11:40:24 --> The original file is not a valid file.
#0 /home/geek/projects/CodeIgniter/system/HTTP/Files/UploadedFile.php(137): CodeIgniter\HTTP\Exceptions\HTTPException::forInvalidFile()
#1 /home/geek/projects/CodeIgniter/system/HTTP/Files/UploadedFile.php(341): CodeIgniter\HTTP\Files\UploadedFile->move()
#2 /home/geek/projects/CodeIgniter/app/Controllers/BrandController.php(99): CodeIgniter\HTTP\Files\UploadedFile->store()
#3 /home/geek/projects/CodeIgniter/app/Controllers/BrandController.php(66): App\Controllers\BrandController->do_upload()
#4 /home/geek/projects/CodeIgniter/system/CodeIgniter.php(825): App\Controllers\BrandController->update()
#5 /home/geek/projects/CodeIgniter/system/CodeIgniter.php(412): CodeIgniter\CodeIgniter->runController()
#6 /home/geek/projects/CodeIgniter/system/CodeIgniter.php(320): CodeIgniter\CodeIgniter->handleRequest()
#7 /home/geek/projects/CodeIgniter/public/index.php(37): CodeIgniter\CodeIgniter->run()
#8 /home/geek/projects/CodeIgniter/system/Commands/Server/rewrite.php(43): require_once('...')
#9 {main}
CRITICAL - 2022-12-31 11:41:02 --> The original file is not a valid file.
#0 /home/geek/projects/CodeIgniter/system/HTTP/Files/UploadedFile.php(137): CodeIgniter\HTTP\Exceptions\HTTPException::forInvalidFile()
#1 /home/geek/projects/CodeIgniter/system/HTTP/Files/UploadedFile.php(341): CodeIgniter\HTTP\Files\UploadedFile->move()
#2 /home/geek/projects/CodeIgniter/app/Controllers/BrandController.php(99): CodeIgniter\HTTP\Files\UploadedFile->store()
#3 /home/geek/projects/CodeIgniter/app/Controllers/BrandController.php(66): App\Controllers\BrandController->do_upload()
#4 /home/geek/projects/CodeIgniter/system/CodeIgniter.php(825): App\Controllers\BrandController->update()
#5 /home/geek/projects/CodeIgniter/system/CodeIgniter.php(412): CodeIgniter\CodeIgniter->runController()
#6 /home/geek/projects/CodeIgniter/system/CodeIgniter.php(320): CodeIgniter\CodeIgniter->handleRequest()
#7 /home/geek/projects/CodeIgniter/public/index.php(37): CodeIgniter\CodeIgniter->run()
#8 /home/geek/projects/CodeIgniter/system/Commands/Server/rewrite.php(43): require_once('...')
#9 {main}
CRITICAL - 2022-12-31 11:49:02 --> The original file is not a valid file.
#0 /home/geek/projects/CodeIgniter/system/HTTP/Files/UploadedFile.php(137): CodeIgniter\HTTP\Exceptions\HTTPException::forInvalidFile()
#1 /home/geek/projects/CodeIgniter/system/HTTP/Files/UploadedFile.php(341): CodeIgniter\HTTP\Files\UploadedFile->move()
#2 /home/geek/projects/CodeIgniter/app/Controllers/BrandController.php(114): CodeIgniter\HTTP\Files\UploadedFile->store()
#3 /home/geek/projects/CodeIgniter/app/Controllers/BrandController.php(86): App\Controllers\BrandController->do_upload()
#4 /home/geek/projects/CodeIgniter/system/CodeIgniter.php(825): App\Controllers\BrandController->update()
#5 /home/geek/projects/CodeIgniter/system/CodeIgniter.php(412): CodeIgniter\CodeIgniter->runController()
#6 /home/geek/projects/CodeIgniter/system/CodeIgniter.php(320): CodeIgniter\CodeIgniter->handleRequest()
#7 /home/geek/projects/CodeIgniter/public/index.php(37): CodeIgniter\CodeIgniter->run()
#8 /home/geek/projects/CodeIgniter/system/Commands/Server/rewrite.php(43): require_once('...')
#9 {main}
CRITICAL - 2022-12-31 12:05:05 --> Undefined variable $brands
#0 /home/geek/projects/CodeIgniter/app/Views/category/index.php(31): CodeIgniter\Debug\Exceptions->errorHandler()
#1 /home/geek/projects/CodeIgniter/system/View/View.php(210): include('...')
#2 /home/geek/projects/CodeIgniter/system/View/View.php(213): CodeIgniter\View\View->CodeIgniter\View\{closure}()
#3 /home/geek/projects/CodeIgniter/system/Common.php(1089): CodeIgniter\View\View->render()
#4 /home/geek/projects/CodeIgniter/app/Controllers/CategoryController.php(106): view()
#5 /home/geek/projects/CodeIgniter/app/Controllers/CategoryController.php(21): App\Controllers\CategoryController->_render()
#6 /home/geek/projects/CodeIgniter/system/CodeIgniter.php(825): App\Controllers\CategoryController->index()
#7 /home/geek/projects/CodeIgniter/system/CodeIgniter.php(412): CodeIgniter\CodeIgniter->runController()
#8 /home/geek/projects/CodeIgniter/system/CodeIgniter.php(320): CodeIgniter\CodeIgniter->handleRequest()
#9 /home/geek/projects/CodeIgniter/public/index.php(37): CodeIgniter\CodeIgniter->run()
#10 /home/geek/projects/CodeIgniter/system/Commands/Server/rewrite.php(43): require_once('...')
#11 {main}
CRITICAL - 2022-12-31 15:11:01 --> Undefined variable $brands
#0 /home/geek/projects/CodeIgniter/app/Views/category/index.php(31): CodeIgniter\Debug\Exceptions->errorHandler()
#1 /home/geek/projects/CodeIgniter/system/View/View.php(210): include('...')
#2 /home/geek/projects/CodeIgniter/system/View/View.php(213): CodeIgniter\View\View->CodeIgniter\View\{closure}()
#3 /home/geek/projects/CodeIgniter/system/Common.php(1089): CodeIgniter\View\View->render()
#4 /home/geek/projects/CodeIgniter/app/Controllers/CategoryController.php(106): view()
#5 /home/geek/projects/CodeIgniter/app/Controllers/CategoryController.php(21): App\Controllers\CategoryController->_render()
#6 /home/geek/projects/CodeIgniter/system/CodeIgniter.php(825): App\Controllers\CategoryController->index()
#7 /home/geek/projects/CodeIgniter/system/CodeIgniter.php(412): CodeIgniter\CodeIgniter->runController()
#8 /home/geek/projects/CodeIgniter/system/CodeIgniter.php(320): CodeIgniter\CodeIgniter->handleRequest()
#9 /home/geek/projects/CodeIgniter/public/index.php(37): CodeIgniter\CodeIgniter->run()
#10 /home/geek/projects/CodeIgniter/system/Commands/Server/rewrite.php(43): require_once('...')
#11 {main}
CRITICAL - 2022-12-31 22:25:47 --> Call to undefined method CodeIgniter\View\View::addSection()
#0 /home/geek/projects/CodeIgniter/system/View/View.php(210): include()
#1 /home/geek/projects/CodeIgniter/system/View/View.php(213): CodeIgniter\View\View->CodeIgniter\View\{closure}()
#2 /home/geek/projects/CodeIgniter/system/Common.php(1089): CodeIgniter\View\View->render()
#3 /home/geek/projects/CodeIgniter/app/Views/components/layout.php(25): view()
#4 /home/geek/projects/CodeIgniter/system/View/View.php(210): include('...')
#5 /home/geek/projects/CodeIgniter/system/View/View.php(213): CodeIgniter\View\View->CodeIgniter\View\{closure}()
#6 /home/geek/projects/CodeIgniter/system/View/View.php(226): CodeIgniter\View\View->render()
#7 /home/geek/projects/CodeIgniter/system/Common.php(1089): CodeIgniter\View\View->render()
#8 /home/geek/projects/CodeIgniter/app/Controllers/BrandController.php(106): view()
#9 /home/geek/projects/CodeIgniter/app/Controllers/BrandController.php(21): App\Controllers\BrandController->_render()
#10 /home/geek/projects/CodeIgniter/system/CodeIgniter.php(825): App\Controllers\BrandController->index()
#11 /home/geek/projects/CodeIgniter/system/CodeIgniter.php(412): CodeIgniter\CodeIgniter->runController()
#12 /home/geek/projects/CodeIgniter/system/CodeIgniter.php(320): CodeIgniter\CodeIgniter->handleRequest()
#13 /home/geek/projects/CodeIgniter/public/index.php(37): CodeIgniter\CodeIgniter->run()
#14 /home/geek/projects/CodeIgniter/system/Commands/Server/rewrite.php(43): require_once('...')
#15 {main}
CRITICAL - 2022-12-31 22:32:41 --> Undefined variable $brands
#0 /home/geek/projects/CodeIgniter/app/Views/category/index.php(32): CodeIgniter\Debug\Exceptions->errorHandler()
#1 /home/geek/projects/CodeIgniter/system/View/View.php(210): include('...')
#2 /home/geek/projects/CodeIgniter/system/View/View.php(213): CodeIgniter\View\View->CodeIgniter\View\{closure}()
#3 /home/geek/projects/CodeIgniter/system/Common.php(1089): CodeIgniter\View\View->render()
#4 /home/geek/projects/CodeIgniter/app/Controllers/CategoryController.php(106): view()
#5 /home/geek/projects/CodeIgniter/app/Controllers/CategoryController.php(21): App\Controllers\CategoryController->_render()
#6 /home/geek/projects/CodeIgniter/system/CodeIgniter.php(825): App\Controllers\CategoryController->index()
#7 /home/geek/projects/CodeIgniter/system/CodeIgniter.php(412): CodeIgniter\CodeIgniter->runController()
#8 /home/geek/projects/CodeIgniter/system/CodeIgniter.php(320): CodeIgniter\CodeIgniter->handleRequest()
#9 /home/geek/projects/CodeIgniter/public/index.php(37): CodeIgniter\CodeIgniter->run()
#10 /home/geek/projects/CodeIgniter/system/Commands/Server/rewrite.php(43): require_once('...')
#11 {main}
CRITICAL - 2022-12-31 22:32:46 --> Undefined variable $brands
#0 /home/geek/projects/CodeIgniter/app/Views/category/index.php(32): CodeIgniter\Debug\Exceptions->errorHandler()
#1 /home/geek/projects/CodeIgniter/system/View/View.php(210): include('...')
#2 /home/geek/projects/CodeIgniter/system/View/View.php(213): CodeIgniter\View\View->CodeIgniter\View\{closure}()
#3 /home/geek/projects/CodeIgniter/system/Common.php(1089): CodeIgniter\View\View->render()
#4 /home/geek/projects/CodeIgniter/app/Controllers/CategoryController.php(106): view()
#5 /home/geek/projects/CodeIgniter/app/Controllers/CategoryController.php(21): App\Controllers\CategoryController->_render()
#6 /home/geek/projects/CodeIgniter/system/CodeIgniter.php(825): App\Controllers\CategoryController->index()
#7 /home/geek/projects/CodeIgniter/system/CodeIgniter.php(412): CodeIgniter\CodeIgniter->runController()
#8 /home/geek/projects/CodeIgniter/system/CodeIgniter.php(320): CodeIgniter\CodeIgniter->handleRequest()
#9 /home/geek/projects/CodeIgniter/public/index.php(37): CodeIgniter\CodeIgniter->run()
#10 /home/geek/projects/CodeIgniter/system/Commands/Server/rewrite.php(43): require_once('...')
#11 {main}
CRITICAL - 2022-12-31 22:41:44 --> Undefined variable $config
#0 /home/geek/projects/CodeIgniter/app/Views/category/index.php(1): CodeIgniter\Debug\Exceptions->errorHandler()
#1 /home/geek/projects/CodeIgniter/system/View/View.php(210): include('...')
#2 /home/geek/projects/CodeIgniter/system/View/View.php(213): CodeIgniter\View\View->CodeIgniter\View\{closure}()
#3 /home/geek/projects/CodeIgniter/system/Common.php(1089): CodeIgniter\View\View->render()
#4 /home/geek/projects/CodeIgniter/app/Controllers/CategoryController.php(106): view()
#5 /home/geek/projects/CodeIgniter/app/Controllers/CategoryController.php(21): App\Controllers\CategoryController->_render()
#6 /home/geek/projects/CodeIgniter/system/CodeIgniter.php(825): App\Controllers\CategoryController->index()
#7 /home/geek/projects/CodeIgniter/system/CodeIgniter.php(412): CodeIgniter\CodeIgniter->runController()
#8 /home/geek/projects/CodeIgniter/system/CodeIgniter.php(320): CodeIgniter\CodeIgniter->handleRequest()
#9 /home/geek/projects/CodeIgniter/public/index.php(37): CodeIgniter\CodeIgniter->run()
#10 /home/geek/projects/CodeIgniter/system/Commands/Server/rewrite.php(43): require_once('...')
#11 {main}
CRITICAL - 2022-12-31 22:43:37 --> Undefined variable $config
#0 /home/geek/projects/CodeIgniter/app/Views/category/index.php(1): CodeIgniter\Debug\Exceptions->errorHandler()
#1 /home/geek/projects/CodeIgniter/system/View/View.php(210): include('...')
#2 /home/geek/projects/CodeIgniter/system/View/View.php(213): CodeIgniter\View\View->CodeIgniter\View\{closure}()
#3 /home/geek/projects/CodeIgniter/system/Common.php(1089): CodeIgniter\View\View->render()
#4 /home/geek/projects/CodeIgniter/app/Controllers/CategoryController.php(106): view()
#5 /home/geek/projects/CodeIgniter/app/Controllers/CategoryController.php(21): App\Controllers\CategoryController->_render()
#6 /home/geek/projects/CodeIgniter/system/CodeIgniter.php(825): App\Controllers\CategoryController->index()
#7 /home/geek/projects/CodeIgniter/system/CodeIgniter.php(412): CodeIgniter\CodeIgniter->runController()
#8 /home/geek/projects/CodeIgniter/system/CodeIgniter.php(320): CodeIgniter\CodeIgniter->handleRequest()
#9 /home/geek/projects/CodeIgniter/public/index.php(37): CodeIgniter\CodeIgniter->run()
#10 /home/geek/projects/CodeIgniter/system/Commands/Server/rewrite.php(43): require_once('...')
#11 {main}
CRITICAL - 2022-12-31 22:56:35 --> Allowed fields must be specified for model: App\Models\Category
#0 /home/geek/projects/CodeIgniter/system/BaseModel.php(1138): CodeIgniter\Database\Exceptions\DataException::forInvalidAllowedFields()
#1 /home/geek/projects/CodeIgniter/system/BaseModel.php(713): CodeIgniter\BaseModel->doProtectFields()
#2 /home/geek/projects/CodeIgniter/system/Model.php(625): CodeIgniter\BaseModel->insert()
#3 /home/geek/projects/CodeIgniter/app/Controllers/CategoryController.php(55): CodeIgniter\Model->insert()
#4 /home/geek/projects/CodeIgniter/system/CodeIgniter.php(825): App\Controllers\CategoryController->store()
#5 /home/geek/projects/CodeIgniter/system/CodeIgniter.php(412): CodeIgniter\CodeIgniter->runController()
#6 /home/geek/projects/CodeIgniter/system/CodeIgniter.php(320): CodeIgniter\CodeIgniter->handleRequest()
#7 /home/geek/projects/CodeIgniter/public/index.php(37): CodeIgniter\CodeIgniter->run()
#8 /home/geek/projects/CodeIgniter/system/Commands/Server/rewrite.php(43): require_once('...')
#9 {main}
ERROR - 2022-12-31 22:58:35 --> Unknown column 'show_room' in 'field list'
CRITICAL - 2022-12-31 22:58:35 --> Unknown column 'show_room' in 'field list'
#0 /home/geek/projects/CodeIgniter/system/Database/MySQLi/Connection.php(292): mysqli->query()
#1 /home/geek/projects/CodeIgniter/system/Database/BaseConnection.php(670): CodeIgniter\Database\MySQLi\Connection->execute()
#2 /home/geek/projects/CodeIgniter/system/Database/BaseConnection.php(598): CodeIgniter\Database\BaseConnection->simpleQuery()
#3 /home/geek/projects/CodeIgniter/system/Database/BaseBuilder.php(1771): CodeIgniter\Database\BaseConnection->query()
#4 /home/geek/projects/CodeIgniter/system/Model.php(239): CodeIgniter\Database\BaseBuilder->insert()
#5 /home/geek/projects/CodeIgniter/system/BaseModel.php(738): CodeIgniter\Model->doInsert()
#6 /home/geek/projects/CodeIgniter/system/Model.php(625): CodeIgniter\BaseModel->insert()
#7 /home/geek/projects/CodeIgniter/app/Controllers/CategoryController.php(55): CodeIgniter\Model->insert()
#8 /home/geek/projects/CodeIgniter/system/CodeIgniter.php(825): App\Controllers\CategoryController->store()
#9 /home/geek/projects/CodeIgniter/system/CodeIgniter.php(412): CodeIgniter\CodeIgniter->runController()
#10 /home/geek/projects/CodeIgniter/system/CodeIgniter.php(320): CodeIgniter\CodeIgniter->handleRequest()
#11 /home/geek/projects/CodeIgniter/public/index.php(37): CodeIgniter\CodeIgniter->run()
#12 /home/geek/projects/CodeIgniter/system/Commands/Server/rewrite.php(43): require_once('...')
#13 {main}
ERROR - 2022-12-31 23:00:03 --> Unknown column 'image' in 'field list'
CRITICAL - 2022-12-31 23:00:03 --> Unknown column 'image' in 'field list'
#0 /home/geek/projects/CodeIgniter/system/Database/MySQLi/Connection.php(292): mysqli->query()
#1 /home/geek/projects/CodeIgniter/system/Database/BaseConnection.php(670): CodeIgniter\Database\MySQLi\Connection->execute()
#2 /home/geek/projects/CodeIgniter/system/Database/BaseConnection.php(598): CodeIgniter\Database\BaseConnection->simpleQuery()
#3 /home/geek/projects/CodeIgniter/system/Database/BaseBuilder.php(1771): CodeIgniter\Database\BaseConnection->query()
#4 /home/geek/projects/CodeIgniter/system/Model.php(239): CodeIgniter\Database\BaseBuilder->insert()
#5 /home/geek/projects/CodeIgniter/system/BaseModel.php(738): CodeIgniter\Model->doInsert()
#6 /home/geek/projects/CodeIgniter/system/Model.php(625): CodeIgniter\BaseModel->insert()
#7 /home/geek/projects/CodeIgniter/app/Controllers/CategoryController.php(55): CodeIgniter\Model->insert()
#8 /home/geek/projects/CodeIgniter/system/CodeIgniter.php(825): App\Controllers\CategoryController->store()
#9 /home/geek/projects/CodeIgniter/system/CodeIgniter.php(412): CodeIgniter\CodeIgniter->runController()
#10 /home/geek/projects/CodeIgniter/system/CodeIgniter.php(320): CodeIgniter\CodeIgniter->handleRequest()
#11 /home/geek/projects/CodeIgniter/public/index.php(37): CodeIgniter\CodeIgniter->run()
#12 /home/geek/projects/CodeIgniter/system/Commands/Server/rewrite.php(43): require_once('...')
#13 {main}
ERROR - 2022-12-31 23:52:14 --> You have an error in your SQL syntax; check the manual that corresponds to your MySQL server version for the right syntax to use near '-10, 10' at line 4
CRITICAL - 2022-12-31 23:52:14 --> You have an error in your SQL syntax; check the manual that corresponds to your MySQL server version for the right syntax to use near '-10, 10' at line 4
#0 /home/geek/projects/CodeIgniter/system/Database/MySQLi/Connection.php(292): mysqli->query()
#1 /home/geek/projects/CodeIgniter/system/Database/BaseConnection.php(670): CodeIgniter\Database\MySQLi\Connection->execute()
#2 /home/geek/projects/CodeIgniter/system/Database/BaseConnection.php(598): CodeIgniter\Database\BaseConnection->simpleQuery()
#3 /home/geek/projects/CodeIgniter/system/Database/BaseBuilder.php(1455): CodeIgniter\Database\BaseConnection->query()
#4 /home/geek/projects/CodeIgniter/system/Model.php(183): CodeIgniter\Database\BaseBuilder->get()
#5 /home/geek/projects/CodeIgniter/system/BaseModel.php(584): CodeIgniter\Model->doFindAll()
#6 /home/geek/projects/CodeIgniter/app/Services/CommonService.php(13): CodeIgniter\BaseModel->findAll()
#7 /home/geek/projects/CodeIgniter/app/Controllers/BrandController.php(21): App\Services\CommonService->getAll()
#8 /home/geek/projects/CodeIgniter/system/CodeIgniter.php(825): App\Controllers\BrandController->index()
#9 /home/geek/projects/CodeIgniter/system/CodeIgniter.php(412): CodeIgniter\CodeIgniter->runController()
#10 /home/geek/projects/CodeIgniter/system/CodeIgniter.php(320): CodeIgniter\CodeIgniter->handleRequest()
#11 /home/geek/projects/CodeIgniter/public/index.php(37): CodeIgniter\CodeIgniter->run()
#12 /home/geek/projects/CodeIgniter/system/Commands/Server/rewrite.php(43): require_once('...')
#13 {main}
ERROR - 2022-12-31 23:53:00 --> You have an error in your SQL syntax; check the manual that corresponds to your MySQL server version for the right syntax to use near '-10, 10' at line 4
CRITICAL - 2022-12-31 23:53:00 --> You have an error in your SQL syntax; check the manual that corresponds to your MySQL server version for the right syntax to use near '-10, 10' at line 4
#0 /home/geek/projects/CodeIgniter/system/Database/MySQLi/Connection.php(292): mysqli->query()
#1 /home/geek/projects/CodeIgniter/system/Database/BaseConnection.php(670): CodeIgniter\Database\MySQLi\Connection->execute()
#2 /home/geek/projects/CodeIgniter/system/Database/BaseConnection.php(598): CodeIgniter\Database\BaseConnection->simpleQuery()
#3 /home/geek/projects/CodeIgniter/system/Database/BaseBuilder.php(1455): CodeIgniter\Database\BaseConnection->query()
#4 /home/geek/projects/CodeIgniter/system/Model.php(183): CodeIgniter\Database\BaseBuilder->get()
#5 /home/geek/projects/CodeIgniter/system/BaseModel.php(584): CodeIgniter\Model->doFindAll()
#6 /home/geek/projects/CodeIgniter/app/Services/CommonService.php(14): CodeIgniter\BaseModel->findAll()
#7 /home/geek/projects/CodeIgniter/app/Controllers/BrandController.php(21): App\Services\CommonService->getAll()
#8 /home/geek/projects/CodeIgniter/system/CodeIgniter.php(825): App\Controllers\BrandController->index()
#9 /home/geek/projects/CodeIgniter/system/CodeIgniter.php(412): CodeIgniter\CodeIgniter->runController()
#10 /home/geek/projects/CodeIgniter/system/CodeIgniter.php(320): CodeIgniter\CodeIgniter->handleRequest()
#11 /home/geek/projects/CodeIgniter/public/index.php(37): CodeIgniter\CodeIgniter->run()
#12 /home/geek/projects/CodeIgniter/system/Commands/Server/rewrite.php(43): require_once('...')
#13 {main}
ERROR - 2022-12-31 23:53:01 --> You have an error in your SQL syntax; check the manual that corresponds to your MySQL server version for the right syntax to use near '-10, 10' at line 4
CRITICAL - 2022-12-31 23:53:01 --> You have an error in your SQL syntax; check the manual that corresponds to your MySQL server version for the right syntax to use near '-10, 10' at line 4
#0 /home/geek/projects/CodeIgniter/system/Database/MySQLi/Connection.php(292): mysqli->query()
#1 /home/geek/projects/CodeIgniter/system/Database/BaseConnection.php(670): CodeIgniter\Database\MySQLi\Connection->execute()
#2 /home/geek/projects/CodeIgniter/system/Database/BaseConnection.php(598): CodeIgniter\Database\BaseConnection->simpleQuery()
#3 /home/geek/projects/CodeIgniter/system/Database/BaseBuilder.php(1455): CodeIgniter\Database\BaseConnection->query()
#4 /home/geek/projects/CodeIgniter/system/Model.php(183): CodeIgniter\Database\BaseBuilder->get()
#5 /home/geek/projects/CodeIgniter/system/BaseModel.php(584): CodeIgniter\Model->doFindAll()
#6 /home/geek/projects/CodeIgniter/app/Services/CommonService.php(14): CodeIgniter\BaseModel->findAll()
#7 /home/geek/projects/CodeIgniter/app/Controllers/BrandController.php(21): App\Services\CommonService->getAll()
#8 /home/geek/projects/CodeIgniter/system/CodeIgniter.php(825): App\Controllers\BrandController->index()
#9 /home/geek/projects/CodeIgniter/system/CodeIgniter.php(412): CodeIgniter\CodeIgniter->runController()
#10 /home/geek/projects/CodeIgniter/system/CodeIgniter.php(320): CodeIgniter\CodeIgniter->handleRequest()
#11 /home/geek/projects/CodeIgniter/public/index.php(37): CodeIgniter\CodeIgniter->run()
#12 /home/geek/projects/CodeIgniter/system/Commands/Server/rewrite.php(43): require_once('...')
#13 {main}
ERROR - 2022-12-31 23:53:01 --> You have an error in your SQL syntax; check the manual that corresponds to your MySQL server version for the right syntax to use near '-10, 10' at line 4
CRITICAL - 2022-12-31 23:53:01 --> You have an error in your SQL syntax; check the manual that corresponds to your MySQL server version for the right syntax to use near '-10, 10' at line 4
#0 /home/geek/projects/CodeIgniter/system/Database/MySQLi/Connection.php(292): mysqli->query()
#1 /home/geek/projects/CodeIgniter/system/Database/BaseConnection.php(670): CodeIgniter\Database\MySQLi\Connection->execute()
#2 /home/geek/projects/CodeIgniter/system/Database/BaseConnection.php(598): CodeIgniter\Database\BaseConnection->simpleQuery()
#3 /home/geek/projects/CodeIgniter/system/Database/BaseBuilder.php(1455): CodeIgniter\Database\BaseConnection->query()
#4 /home/geek/projects/CodeIgniter/system/Model.php(183): CodeIgniter\Database\BaseBuilder->get()
#5 /home/geek/projects/CodeIgniter/system/BaseModel.php(584): CodeIgniter\Model->doFindAll()
#6 /home/geek/projects/CodeIgniter/app/Services/CommonService.php(14): CodeIgniter\BaseModel->findAll()
#7 /home/geek/projects/CodeIgniter/app/Controllers/BrandController.php(21): App\Services\CommonService->getAll()
#8 /home/geek/projects/CodeIgniter/system/CodeIgniter.php(825): App\Controllers\BrandController->index()
#9 /home/geek/projects/CodeIgniter/system/CodeIgniter.php(412): CodeIgniter\CodeIgniter->runController()
#10 /home/geek/projects/CodeIgniter/system/CodeIgniter.php(320): CodeIgniter\CodeIgniter->handleRequest()
#11 /home/geek/projects/CodeIgniter/public/index.php(37): CodeIgniter\CodeIgniter->run()
#12 /home/geek/projects/CodeIgniter/system/Commands/Server/rewrite.php(43): require_once('...')
#13 {main}
ERROR - 2022-12-31 23:53:01 --> You have an error in your SQL syntax; check the manual that corresponds to your MySQL server version for the right syntax to use near '-10, 10' at line 4
CRITICAL - 2022-12-31 23:53:01 --> You have an error in your SQL syntax; check the manual that corresponds to your MySQL server version for the right syntax to use near '-10, 10' at line 4
#0 /home/geek/projects/CodeIgniter/system/Database/MySQLi/Connection.php(292): mysqli->query()
#1 /home/geek/projects/CodeIgniter/system/Database/BaseConnection.php(670): CodeIgniter\Database\MySQLi\Connection->execute()
#2 /home/geek/projects/CodeIgniter/system/Database/BaseConnection.php(598): CodeIgniter\Database\BaseConnection->simpleQuery()
#3 /home/geek/projects/CodeIgniter/system/Database/BaseBuilder.php(1455): CodeIgniter\Database\BaseConnection->query()
#4 /home/geek/projects/CodeIgniter/system/Model.php(183): CodeIgniter\Database\BaseBuilder->get()
#5 /home/geek/projects/CodeIgniter/system/BaseModel.php(584): CodeIgniter\Model->doFindAll()
#6 /home/geek/projects/CodeIgniter/app/Services/CommonService.php(14): CodeIgniter\BaseModel->findAll()
#7 /home/geek/projects/CodeIgniter/app/Controllers/BrandController.php(21): App\Services\CommonService->getAll()
#8 /home/geek/projects/CodeIgniter/system/CodeIgniter.php(825): App\Controllers\BrandController->index()
#9 /home/geek/projects/CodeIgniter/system/CodeIgniter.php(412): CodeIgniter\CodeIgniter->runController()
#10 /home/geek/projects/CodeIgniter/system/CodeIgniter.php(320): CodeIgniter\CodeIgniter->handleRequest()
#11 /home/geek/projects/CodeIgniter/public/index.php(37): CodeIgniter\CodeIgniter->run()
#12 /home/geek/projects/CodeIgniter/system/Commands/Server/rewrite.php(43): require_once('...')
#13 {main}
ERROR - 2022-12-31 23:53:02 --> You have an error in your SQL syntax; check the manual that corresponds to your MySQL server version for the right syntax to use near '-10, 10' at line 4
CRITICAL - 2022-12-31 23:53:02 --> You have an error in your SQL syntax; check the manual that corresponds to your MySQL server version for the right syntax to use near '-10, 10' at line 4
#0 /home/geek/projects/CodeIgniter/system/Database/MySQLi/Connection.php(292): mysqli->query()
#1 /home/geek/projects/CodeIgniter/system/Database/BaseConnection.php(670): CodeIgniter\Database\MySQLi\Connection->execute()
#2 /home/geek/projects/CodeIgniter/system/Database/BaseConnection.php(598): CodeIgniter\Database\BaseConnection->simpleQuery()
#3 /home/geek/projects/CodeIgniter/system/Database/BaseBuilder.php(1455): CodeIgniter\Database\BaseConnection->query()
#4 /home/geek/projects/CodeIgniter/system/Model.php(183): CodeIgniter\Database\BaseBuilder->get()
#5 /home/geek/projects/CodeIgniter/system/BaseModel.php(584): CodeIgniter\Model->doFindAll()
#6 /home/geek/projects/CodeIgniter/app/Services/CommonService.php(14): CodeIgniter\BaseModel->findAll()
#7 /home/geek/projects/CodeIgniter/app/Controllers/BrandController.php(21): App\Services\CommonService->getAll()
#8 /home/geek/projects/CodeIgniter/system/CodeIgniter.php(825): App\Controllers\BrandController->index()
#9 /home/geek/projects/CodeIgniter/system/CodeIgniter.php(412): CodeIgniter\CodeIgniter->runController()
#10 /home/geek/projects/CodeIgniter/system/CodeIgniter.php(320): CodeIgniter\CodeIgniter->handleRequest()
#11 /home/geek/projects/CodeIgniter/public/index.php(37): CodeIgniter\CodeIgniter->run()
#12 /home/geek/projects/CodeIgniter/system/Commands/Server/rewrite.php(43): require_once('...')
#13 {main}
ERROR - 2022-12-31 23:53:19 --> You have an error in your SQL syntax; check the manual that corresponds to your MySQL server version for the right syntax to use near '-10, 10' at line 4
CRITICAL - 2022-12-31 23:53:19 --> You have an error in your SQL syntax; check the manual that corresponds to your MySQL server version for the right syntax to use near '-10, 10' at line 4
#0 /home/geek/projects/CodeIgniter/system/Database/MySQLi/Connection.php(292): mysqli->query()
#1 /home/geek/projects/CodeIgniter/system/Database/BaseConnection.php(670): CodeIgniter\Database\MySQLi\Connection->execute()
#2 /home/geek/projects/CodeIgniter/system/Database/BaseConnection.php(598): CodeIgniter\Database\BaseConnection->simpleQuery()
#3 /home/geek/projects/CodeIgniter/system/Database/BaseBuilder.php(1455): CodeIgniter\Database\BaseConnection->query()
#4 /home/geek/projects/CodeIgniter/system/Model.php(183): CodeIgniter\Database\BaseBuilder->get()
#5 /home/geek/projects/CodeIgniter/system/BaseModel.php(584): CodeIgniter\Model->doFindAll()
#6 /home/geek/projects/CodeIgniter/app/Services/CommonService.php(14): CodeIgniter\BaseModel->findAll()
#7 /home/geek/projects/CodeIgniter/app/Controllers/BrandController.php(21): App\Services\CommonService->getAll()
#8 /home/geek/projects/CodeIgniter/system/CodeIgniter.php(825): App\Controllers\BrandController->index()
#9 /home/geek/projects/CodeIgniter/system/CodeIgniter.php(412): CodeIgniter\CodeIgniter->runController()
#10 /home/geek/projects/CodeIgniter/system/CodeIgniter.php(320): CodeIgniter\CodeIgniter->handleRequest()
#11 /home/geek/projects/CodeIgniter/public/index.php(37): CodeIgniter\CodeIgniter->run()
#12 /home/geek/projects/CodeIgniter/system/Commands/Server/rewrite.php(43): require_once('...')
#13 {main}
ERROR - 2022-12-31 23:53:19 --> You have an error in your SQL syntax; check the manual that corresponds to your MySQL server version for the right syntax to use near '-10, 10' at line 4
CRITICAL - 2022-12-31 23:53:19 --> You have an error in your SQL syntax; check the manual that corresponds to your MySQL server version for the right syntax to use near '-10, 10' at line 4
#0 /home/geek/projects/CodeIgniter/system/Database/MySQLi/Connection.php(292): mysqli->query()
#1 /home/geek/projects/CodeIgniter/system/Database/BaseConnection.php(670): CodeIgniter\Database\MySQLi\Connection->execute()
#2 /home/geek/projects/CodeIgniter/system/Database/BaseConnection.php(598): CodeIgniter\Database\BaseConnection->simpleQuery()
#3 /home/geek/projects/CodeIgniter/system/Database/BaseBuilder.php(1455): CodeIgniter\Database\BaseConnection->query()
#4 /home/geek/projects/CodeIgniter/system/Model.php(183): CodeIgniter\Database\BaseBuilder->get()
#5 /home/geek/projects/CodeIgniter/system/BaseModel.php(584): CodeIgniter\Model->doFindAll()
#6 /home/geek/projects/CodeIgniter/app/Services/CommonService.php(14): CodeIgniter\BaseModel->findAll()
#7 /home/geek/projects/CodeIgniter/app/Controllers/BrandController.php(21): App\Services\CommonService->getAll()
#8 /home/geek/projects/CodeIgniter/system/CodeIgniter.php(825): App\Controllers\BrandController->index()
#9 /home/geek/projects/CodeIgniter/system/CodeIgniter.php(412): CodeIgniter\CodeIgniter->runController()
#10 /home/geek/projects/CodeIgniter/system/CodeIgniter.php(320): CodeIgniter\CodeIgniter->handleRequest()
#11 /home/geek/projects/CodeIgniter/public/index.php(37): CodeIgniter\CodeIgniter->run()
#12 /home/geek/projects/CodeIgniter/system/Commands/Server/rewrite.php(43): require_once('...')
#13 {main}
ERROR - 2022-12-31 23:53:20 --> You have an error in your SQL syntax; check the manual that corresponds to your MySQL server version for the right syntax to use near '-10, 10' at line 4
CRITICAL - 2022-12-31 23:53:20 --> You have an error in your SQL syntax; check the manual that corresponds to your MySQL server version for the right syntax to use near '-10, 10' at line 4
#0 /home/geek/projects/CodeIgniter/system/Database/MySQLi/Connection.php(292): mysqli->query()
#1 /home/geek/projects/CodeIgniter/system/Database/BaseConnection.php(670): CodeIgniter\Database\MySQLi\Connection->execute()
#2 /home/geek/projects/CodeIgniter/system/Database/BaseConnection.php(598): CodeIgniter\Database\BaseConnection->simpleQuery()
#3 /home/geek/projects/CodeIgniter/system/Database/BaseBuilder.php(1455): CodeIgniter\Database\BaseConnection->query()
#4 /home/geek/projects/CodeIgniter/system/Model.php(183): CodeIgniter\Database\BaseBuilder->get()
#5 /home/geek/projects/CodeIgniter/system/BaseModel.php(584): CodeIgniter\Model->doFindAll()
#6 /home/geek/projects/CodeIgniter/app/Services/CommonService.php(14): CodeIgniter\BaseModel->findAll()
#7 /home/geek/projects/CodeIgniter/app/Controllers/BrandController.php(21): App\Services\CommonService->getAll()
#8 /home/geek/projects/CodeIgniter/system/CodeIgniter.php(825): App\Controllers\BrandController->index()
#9 /home/geek/projects/CodeIgniter/system/CodeIgniter.php(412): CodeIgniter\CodeIgniter->runController()
#10 /home/geek/projects/CodeIgniter/system/CodeIgniter.php(320): CodeIgniter\CodeIgniter->handleRequest()
#11 /home/geek/projects/CodeIgniter/public/index.php(37): CodeIgniter\CodeIgniter->run()
#12 /home/geek/projects/CodeIgniter/system/Commands/Server/rewrite.php(43): require_once('...')
#13 {main}
ERROR - 2022-12-31 23:53:20 --> You have an error in your SQL syntax; check the manual that corresponds to your MySQL server version for the right syntax to use near '-10, 10' at line 4
CRITICAL - 2022-12-31 23:53:20 --> You have an error in your SQL syntax; check the manual that corresponds to your MySQL server version for the right syntax to use near '-10, 10' at line 4
#0 /home/geek/projects/CodeIgniter/system/Database/MySQLi/Connection.php(292): mysqli->query()
#1 /home/geek/projects/CodeIgniter/system/Database/BaseConnection.php(670): CodeIgniter\Database\MySQLi\Connection->execute()
#2 /home/geek/projects/CodeIgniter/system/Database/BaseConnection.php(598): CodeIgniter\Database\BaseConnection->simpleQuery()
#3 /home/geek/projects/CodeIgniter/system/Database/BaseBuilder.php(1455): CodeIgniter\Database\BaseConnection->query()
#4 /home/geek/projects/CodeIgniter/system/Model.php(183): CodeIgniter\Database\BaseBuilder->get()
#5 /home/geek/projects/CodeIgniter/system/BaseModel.php(584): CodeIgniter\Model->doFindAll()
#6 /home/geek/projects/CodeIgniter/app/Services/CommonService.php(14): CodeIgniter\BaseModel->findAll()
#7 /home/geek/projects/CodeIgniter/app/Controllers/BrandController.php(21): App\Services\CommonService->getAll()
#8 /home/geek/projects/CodeIgniter/system/CodeIgniter.php(825): App\Controllers\BrandController->index()
#9 /home/geek/projects/CodeIgniter/system/CodeIgniter.php(412): CodeIgniter\CodeIgniter->runController()
#10 /home/geek/projects/CodeIgniter/system/CodeIgniter.php(320): CodeIgniter\CodeIgniter->handleRequest()
#11 /home/geek/projects/CodeIgniter/public/index.php(37): CodeIgniter\CodeIgniter->run()
#12 /home/geek/projects/CodeIgniter/system/Commands/Server/rewrite.php(43): require_once('...')
#13 {main}
ERROR - 2022-12-31 23:53:20 --> You have an error in your SQL syntax; check the manual that corresponds to your MySQL server version for the right syntax to use near '-10, 10' at line 4
CRITICAL - 2022-12-31 23:53:20 --> You have an error in your SQL syntax; check the manual that corresponds to your MySQL server version for the right syntax to use near '-10, 10' at line 4
#0 /home/geek/projects/CodeIgniter/system/Database/MySQLi/Connection.php(292): mysqli->query()
#1 /home/geek/projects/CodeIgniter/system/Database/BaseConnection.php(670): CodeIgniter\Database\MySQLi\Connection->execute()
#2 /home/geek/projects/CodeIgniter/system/Database/BaseConnection.php(598): CodeIgniter\Database\BaseConnection->simpleQuery()
#3 /home/geek/projects/CodeIgniter/system/Database/BaseBuilder.php(1455): CodeIgniter\Database\BaseConnection->query()
#4 /home/geek/projects/CodeIgniter/system/Model.php(183): CodeIgniter\Database\BaseBuilder->get()
#5 /home/geek/projects/CodeIgniter/system/BaseModel.php(584): CodeIgniter\Model->doFindAll()
#6 /home/geek/projects/CodeIgniter/app/Services/CommonService.php(14): CodeIgniter\BaseModel->findAll()
#7 /home/geek/projects/CodeIgniter/app/Controllers/BrandController.php(21): App\Services\CommonService->getAll()
#8 /home/geek/projects/CodeIgniter/system/CodeIgniter.php(825): App\Controllers\BrandController->index()
#9 /home/geek/projects/CodeIgniter/system/CodeIgniter.php(412): CodeIgniter\CodeIgniter->runController()
#10 /home/geek/projects/CodeIgniter/system/CodeIgniter.php(320): CodeIgniter\CodeIgniter->handleRequest()
#11 /home/geek/projects/CodeIgniter/public/index.php(37): CodeIgniter\CodeIgniter->run()
#12 /home/geek/projects/CodeIgniter/system/Commands/Server/rewrite.php(43): require_once('...')
#13 {main}
